<?xml version="1.0" encoding="UTF-8"?>
<testsuites name="Login - tracking BM" time="140.928" tests="2" failures="0" errors="0">
   <testsuite name="Login - tracking BM" tests="2" failures="0" errors="0" time="140.928" skipped="0" timestamp="2022-05-19 15:39:15" hostname="Nia Yusniati - Apandi" id="Test Suites/BM/Login - tracking BM">
      <properties>
[...]
</properties>
      <testcase name="Test Cases/BM/Login - BM" time="63.457" classname="Test Cases/BM/Login - BM" status="PASSED">
         <system-out><![CDATA[2022-05-19 15:39:16 - [TEST_CASE][PASSED] - Test Cases/BM/Login - BM: Test Cases/BM/Login - BM

2022-05-19 15:39:17 - [TEST_STEP][PASSED] - baseDir = System.getProperty("user.dir"): null

2022-05-19 15:39:17 - [TEST_STEP][PASSED] - startExistingApplication("bcaf.crm.kkb.saleskit"): Starting app with application ID: 'bcaf.crm.kkb.saleskit'

2022-05-19 15:39:21 - [MESSAGE][INFO] - Appium server started on port 56,316

2022-05-19 15:39:37 - [MESSAGE][PASSED] - Starting app with application ID: 'bcaf.crm.kkb.saleskit'

2022-05-19 15:39:37 - [TEST_STEP][PASSED] - setText(findTestObject("Object Repository/Login/android.widget.EditText - Username"), "BMKKB1", 0): Text 'BMKKB1' has been set to element 'Object Repository/Login/android.widget.EditText - Username'

2022-05-19 15:39:37 - [MESSAGE][WARNING] - Timeout '0' is invalid. Using default page load timeout: '30'

2022-05-19 15:39:39 - [MESSAGE][PASSED] - Text 'BMKKB1' has been set to element 'Object Repository/Login/android.widget.EditText - Username'

2022-05-19 15:39:39 - [TEST_STEP][PASSED] - setText(findTestObject("Object Repository/Login/android.widget.EditText - Password"), "Mobile123+", 0): Text 'Mobile123+' has been set to element 'Object Repository/Login/android.widget.EditText - Password'

2022-05-19 15:39:39 - [MESSAGE][WARNING] - Timeout '0' is invalid. Using default page load timeout: '30'

2022-05-19 15:39:41 - [MESSAGE][PASSED] - Text 'Mobile123+' has been set to element 'Object Repository/Login/android.widget.EditText - Password'

2022-05-19 15:39:41 - [TEST_STEP][PASSED] - tap(findTestObject("Object Repository/Login/android.widget.ImageButton"), 0): Tapped on element 'Object Repository/Login/android.widget.ImageButton'

2022-05-19 15:39:41 - [MESSAGE][WARNING] - Timeout '0' is invalid. Using default page load timeout: '30'

2022-05-19 15:39:42 - [MESSAGE][PASSED] - Tapped on element 'Object Repository/Login/android.widget.ImageButton'

2022-05-19 15:39:42 - [TEST_STEP][PASSED] - delay(2, STOP_ON_FAILURE): Delayed 2 second(s)

2022-05-19 15:39:44 - [MESSAGE][PASSED] - Delayed 2 second(s)

2022-05-19 15:39:44 - [TEST_STEP][PASSED] - takeScreenshotAsCheckpoint(baseDir + sspathkkbsk + "Login-1" + ".png", STOP_ON_FAILURE): Screenshot is taken

2022-05-19 15:39:47 - [MESSAGE][INFO] - 0 hidden object(s)

2022-05-19 15:39:48 - [MESSAGE][PASSED] - Screenshot is taken
[[ATTACHMENT|C:\Users\Nia Yusniati\Git_Asa\KKBSK\Screenshoot\Marketer\keyes\keyes-Aplikasi BaruLogin-1.png]]

2022-05-19 15:39:48 - [TEST_STEP][PASSED] - tap(findTestObject("Object Repository/Login/android.widget.ImageView"), 0): Tapped on element 'Object Repository/Login/android.widget.ImageView'

2022-05-19 15:39:48 - [MESSAGE][WARNING] - Timeout '0' is invalid. Using default page load timeout: '30'

2022-05-19 15:39:48 - [MESSAGE][PASSED] - Tapped on element 'Object Repository/Login/android.widget.ImageView'

2022-05-19 15:39:48 - [TEST_STEP][PASSED] - delay(8, STOP_ON_FAILURE): Delayed 8 second(s)

2022-05-19 15:39:56 - [MESSAGE][PASSED] - Delayed 8 second(s)

2022-05-19 15:39:56 - [TEST_STEP][PASSED] - takeScreenshotAsCheckpoint(baseDir + sspathkkbsk + "Login-2" + ".png", STOP_ON_FAILURE): Screenshot is taken

2022-05-19 15:39:58 - [MESSAGE][INFO] - 0 hidden object(s)

2022-05-19 15:39:59 - [MESSAGE][PASSED] - Screenshot is taken
[[ATTACHMENT|C:\Users\Nia Yusniati\Git_Asa\KKBSK\Screenshoot\Marketer\keyes\keyes-Aplikasi BaruLogin-2.png]]

2022-05-19 15:39:59 - [TEST_STEP][PASSED] - tap(findTestObject("Object Repository/Login/android.widget.FrameLayout"), 0): Tapped on element 'Object Repository/Login/android.widget.FrameLayout'

2022-05-19 15:39:59 - [MESSAGE][WARNING] - Timeout '0' is invalid. Using default page load timeout: '30'

2022-05-19 15:40:01 - [MESSAGE][PASSED] - Tapped on element 'Object Repository/Login/android.widget.FrameLayout'

2022-05-19 15:40:01 - [TEST_STEP][PASSED] - delay(5, STOP_ON_FAILURE): Delayed 5 second(s)

2022-05-19 15:40:06 - [MESSAGE][PASSED] - Delayed 5 second(s)

2022-05-19 15:40:06 - [TEST_STEP][PASSED] - takeScreenshotAsCheckpoint(baseDir + sspathkkbsk + "Login-3" + ".png", STOP_ON_FAILURE): Screenshot is taken

2022-05-19 15:40:08 - [MESSAGE][INFO] - 0 hidden object(s)

2022-05-19 15:40:09 - [MESSAGE][PASSED] - Screenshot is taken
[[ATTACHMENT|C:\Users\Nia Yusniati\Git_Asa\KKBSK\Screenshoot\Marketer\keyes\keyes-Aplikasi BaruLogin-3.png]]

2022-05-19 15:40:09 - [TEST_STEP][PASSED] - tap(findTestObject("Object Repository/Login/android.widget.FrameLayout (1)"), 0): Tapped on element 'Object Repository/Login/android.widget.FrameLayout (1)'

2022-05-19 15:40:09 - [MESSAGE][WARNING] - Timeout '0' is invalid. Using default page load timeout: '30'

2022-05-19 15:40:11 - [MESSAGE][PASSED] - Tapped on element 'Object Repository/Login/android.widget.FrameLayout (1)'

2022-05-19 15:40:11 - [TEST_STEP][PASSED] - delay(5, STOP_ON_FAILURE): Delayed 5 second(s)

2022-05-19 15:40:16 - [MESSAGE][PASSED] - Delayed 5 second(s)

2022-05-19 15:40:16 - [TEST_STEP][PASSED] - takeScreenshotAsCheckpoint(baseDir + sspathkkbsk + "Login-4" + ".png", STOP_ON_FAILURE): Screenshot is taken

2022-05-19 15:40:18 - [MESSAGE][INFO] - 0 hidden object(s)

2022-05-19 15:40:18 - [MESSAGE][PASSED] - Screenshot is taken
[[ATTACHMENT|C:\Users\Nia Yusniati\Git_Asa\KKBSK\Screenshoot\Marketer\keyes\keyes-Aplikasi BaruLogin-4.png]]

2022-05-19 15:40:18 - [TEST_STEP][PASSED] - closeApplication(): Close app successfully

2022-05-19 15:40:19 - [MESSAGE][PASSED] - Close app successfully]]></system-out>
         <system-err><![CDATA[]]></system-err>
      </testcase>
      <testcase name="Test Cases/BM/Tracking" time="75.479" classname="Test Cases/BM/Tracking" status="PASSED">
         <system-out><![CDATA[2022-05-19 15:40:19 - [TEST_CASE][PASSED] - Test Cases/BM/Tracking: Test Cases/BM/Tracking

2022-05-19 15:40:20 - [TEST_STEP][PASSED] - baseDir = System.getProperty("user.dir"): null

2022-05-19 15:40:20 - [TEST_STEP][PASSED] - startExistingApplication("bcaf.crm.kkb.saleskit"): Starting app with application ID: 'bcaf.crm.kkb.saleskit'

2022-05-19 15:40:24 - [MESSAGE][INFO] - Appium server started on port 56,446

2022-05-19 15:40:37 - [MESSAGE][PASSED] - Starting app with application ID: 'bcaf.crm.kkb.saleskit'

2022-05-19 15:40:37 - [TEST_STEP][PASSED] - swipe(300, 500, 0, 500): Swiped from 300,500 to 0,500

2022-05-19 15:40:39 - [MESSAGE][PASSED] - Swiped from 300,500 to 0,500

2022-05-19 15:40:39 - [TEST_STEP][PASSED] - delay(2, STOP_ON_FAILURE): Delayed 2 second(s)

2022-05-19 15:40:41 - [MESSAGE][PASSED] - Delayed 2 second(s)

2022-05-19 15:40:41 - [TEST_STEP][PASSED] - takeScreenshotAsCheckpoint(baseDir + sspathkkbsk + "Tracking-1" + ".png", STOP_ON_FAILURE): Screenshot is taken

2022-05-19 15:40:43 - [MESSAGE][INFO] - 0 hidden object(s)

2022-05-19 15:40:43 - [MESSAGE][PASSED] - Screenshot is taken
[[ATTACHMENT|C:\Users\Nia Yusniati\Git_Asa\KKBSK\Screenshoot\Marketer\keyes\keyes-Aplikasi BaruTracking-1.png]]

2022-05-19 15:40:43 - [TEST_STEP][PASSED] - tap(findTestObject("Object Repository/Tracking/android.widget.ImageView"), 0): Tapped on element 'Object Repository/Tracking/android.widget.ImageView'

2022-05-19 15:40:43 - [MESSAGE][WARNING] - Timeout '0' is invalid. Using default page load timeout: '30'

2022-05-19 15:40:44 - [MESSAGE][PASSED] - Tapped on element 'Object Repository/Tracking/android.widget.ImageView'

2022-05-19 15:40:44 - [TEST_STEP][PASSED] - delay(2, STOP_ON_FAILURE): Delayed 2 second(s)

2022-05-19 15:40:46 - [MESSAGE][PASSED] - Delayed 2 second(s)

2022-05-19 15:40:46 - [TEST_STEP][PASSED] - takeScreenshotAsCheckpoint(baseDir + sspathkkbsk + "Tracking-2" + ".png", STOP_ON_FAILURE): Screenshot is taken

2022-05-19 15:40:48 - [MESSAGE][INFO] - 0 hidden object(s)

2022-05-19 15:40:48 - [MESSAGE][PASSED] - Screenshot is taken
[[ATTACHMENT|C:\Users\Nia Yusniati\Git_Asa\KKBSK\Screenshoot\Marketer\keyes\keyes-Aplikasi BaruTracking-2.png]]

2022-05-19 15:40:48 - [TEST_STEP][PASSED] - tap(findTestObject("Object Repository/Tracking/android.widget.TextView - Input Pencarian"), 0): Tapped on element 'Object Repository/Tracking/android.widget.TextView - Input Pencarian'

2022-05-19 15:40:48 - [MESSAGE][WARNING] - Timeout '0' is invalid. Using default page load timeout: '30'

2022-05-19 15:40:49 - [MESSAGE][PASSED] - Tapped on element 'Object Repository/Tracking/android.widget.TextView - Input Pencarian'

2022-05-19 15:40:49 - [TEST_STEP][PASSED] - setText(findTestObject("Tracking/android.widget.EditText"), "(KCU) SOLO SLAMET RIYADI", 0): Text '(KCU) SOLO SLAMET RIYADI' has been set to element 'Object Repository/Tracking/android.widget.EditText'

2022-05-19 15:40:49 - [MESSAGE][WARNING] - Timeout '0' is invalid. Using default page load timeout: '30'

2022-05-19 15:40:51 - [MESSAGE][PASSED] - Text '(KCU) SOLO SLAMET RIYADI' has been set to element 'Object Repository/Tracking/android.widget.EditText'

2022-05-19 15:40:51 - [TEST_STEP][PASSED] - setText(findTestObject("Object Repository/Tracking/android.widget.EditText (3)"), "Test Tracking", 0): Text 'Test Tracking' has been set to element 'Object Repository/Tracking/android.widget.EditText (3)'

2022-05-19 15:40:51 - [MESSAGE][WARNING] - Timeout '0' is invalid. Using default page load timeout: '30'

2022-05-19 15:40:52 - [MESSAGE][PASSED] - Text 'Test Tracking' has been set to element 'Object Repository/Tracking/android.widget.EditText (3)'

2022-05-19 15:40:52 - [TEST_STEP][PASSED] - delay(2, STOP_ON_FAILURE): Delayed 2 second(s)

2022-05-19 15:40:54 - [MESSAGE][PASSED] - Delayed 2 second(s)

2022-05-19 15:40:54 - [TEST_STEP][PASSED] - takeScreenshotAsCheckpoint(baseDir + sspathkkbsk + "Tracking-3" + ".png", STOP_ON_FAILURE): Screenshot is taken

2022-05-19 15:40:56 - [MESSAGE][INFO] - 0 hidden object(s)

2022-05-19 15:40:57 - [MESSAGE][PASSED] - Screenshot is taken
[[ATTACHMENT|C:\Users\Nia Yusniati\Git_Asa\KKBSK\Screenshoot\Marketer\keyes\keyes-Aplikasi BaruTracking-3.png]]

2022-05-19 15:40:57 - [TEST_STEP][PASSED] - tap(findTestObject("Object Repository/Tracking/android.widget.Button - Cari (1)"), 0): Tapped on element 'Object Repository/Tracking/android.widget.Button - Cari (1)'

2022-05-19 15:40:57 - [MESSAGE][WARNING] - Timeout '0' is invalid. Using default page load timeout: '30'

2022-05-19 15:40:57 - [MESSAGE][PASSED] - Tapped on element 'Object Repository/Tracking/android.widget.Button - Cari (1)'

2022-05-19 15:40:57 - [TEST_STEP][PASSED] - delay(20, STOP_ON_FAILURE): Delayed 20 second(s)

2022-05-19 15:41:17 - [MESSAGE][PASSED] - Delayed 20 second(s)

2022-05-19 15:41:17 - [TEST_STEP][PASSED] - swipe(0, 1000, 0, 500): Swiped from 0,1,000 to 0,500

2022-05-19 15:41:19 - [MESSAGE][PASSED] - Swiped from 0,1,000 to 0,500

2022-05-19 15:41:19 - [TEST_STEP][PASSED] - delay(2, STOP_ON_FAILURE): Delayed 2 second(s)

2022-05-19 15:41:21 - [MESSAGE][PASSED] - Delayed 2 second(s)

2022-05-19 15:41:21 - [TEST_STEP][PASSED] - takeScreenshotAsCheckpoint(baseDir + sspathkkbsk + "Tracking-4" + ".png", STOP_ON_FAILURE): Screenshot is taken

2022-05-19 15:41:23 - [MESSAGE][INFO] - 0 hidden object(s)

2022-05-19 15:41:23 - [MESSAGE][PASSED] - Screenshot is taken
[[ATTACHMENT|C:\Users\Nia Yusniati\Git_Asa\KKBSK\Screenshoot\Marketer\keyes\keyes-Aplikasi BaruTracking-4.png]]

2022-05-19 15:41:23 - [TEST_STEP][PASSED] - tap(findTestObject("Object Repository/Tracking/android.widget.TextView - SOLO SLAMET RIYADI"), 0): Tapped on element 'Object Repository/Tracking/android.widget.TextView - SOLO SLAMET RIYADI'

2022-05-19 15:41:23 - [MESSAGE][WARNING] - Timeout '0' is invalid. Using default page load timeout: '30'

2022-05-19 15:41:25 - [MESSAGE][PASSED] - Tapped on element 'Object Repository/Tracking/android.widget.TextView - SOLO SLAMET RIYADI'

2022-05-19 15:41:25 - [TEST_STEP][PASSED] - delay(7, STOP_ON_FAILURE): Delayed 7 second(s)

2022-05-19 15:41:32 - [MESSAGE][PASSED] - Delayed 7 second(s)

2022-05-19 15:41:32 - [TEST_STEP][PASSED] - takeScreenshotAsCheckpoint(baseDir + sspathkkbsk + "Tracking-5" + ".png", STOP_ON_FAILURE): Screenshot is taken

2022-05-19 15:41:34 - [MESSAGE][INFO] - 0 hidden object(s)

2022-05-19 15:41:34 - [MESSAGE][PASSED] - Screenshot is taken
[[ATTACHMENT|C:\Users\Nia Yusniati\Git_Asa\KKBSK\Screenshoot\Marketer\keyes\keyes-Aplikasi BaruTracking-5.png]]

2022-05-19 15:41:34 - [TEST_STEP][PASSED] - closeApplication(): Close app successfully

2022-05-19 15:41:35 - [MESSAGE][PASSED] - Close app successfully]]></system-out>
         <system-err><![CDATA[]]></system-err>
      </testcase>
      <system-out><![CDATA[2022-05-19 15:39:15 - [TEST_SUITE][PASSED] - Login - tracking BM: Test Cases/BM/Tracking]]></system-out>
      <system-err><![CDATA[]]></system-err>
   </testsuite>
</testsuites>
