<?xml version="1.0" encoding="UTF-8"?>
<testsuites name="Aplikasi Baru" time="438.258" tests="5" failures="0" errors="0">
   <testsuite name="Aplikasi Baru" tests="5" failures="0" errors="0" time="438.258" skipped="0" timestamp="2022-05-11 13:29:49" hostname="Nia Yusniati - Apandi" id="Test Suites/Aplikasi Baru/Aplikasi Baru">
      <properties>
[...]
</properties>
      <testcase name="Test Cases/Marketer/Simulasi Kredit Baru/1. Login - Marketer" time="58.669" classname="Test Cases/Marketer/Simulasi Kredit Baru/1. Login - Marketer" status="PASSED">
         <system-out><![CDATA[2022-05-11 13:29:49 - [TEST_CASE][PASSED] - Test Cases/Marketer/Simulasi Kredit Baru/1. Login - Marketer: Test Cases/Marketer/Simulasi Kredit Baru/1. Login - Marketer

2022-05-11 13:29:50 - [TEST_STEP][PASSED] - baseDir = System.getProperty("user.dir"): null

2022-05-11 13:29:50 - [TEST_STEP][PASSED] - startExistingApplication("bcaf.crm.kkb.saleskit"): Starting app with application ID: 'bcaf.crm.kkb.saleskit'

2022-05-11 13:29:54 - [MESSAGE][INFO] - Appium server started on port 60,976

2022-05-11 13:30:11 - [MESSAGE][PASSED] - Starting app with application ID: 'bcaf.crm.kkb.saleskit'

2022-05-11 13:30:11 - [TEST_STEP][PASSED] - setText(findTestObject("Object Repository/Login/android.widget.EditText - Username"), "202020", 0): Text '202020' has been set to element 'Object Repository/Login/android.widget.EditText - Username'

2022-05-11 13:30:11 - [MESSAGE][WARNING] - Timeout '0' is invalid. Using default page load timeout: '30'

2022-05-11 13:30:13 - [MESSAGE][PASSED] - Text '202020' has been set to element 'Object Repository/Login/android.widget.EditText - Username'

2022-05-11 13:30:13 - [TEST_STEP][PASSED] - setText(findTestObject("Object Repository/Login/android.widget.EditText - Password"), "Mobile123+", 0): Text 'Mobile123+' has been set to element 'Object Repository/Login/android.widget.EditText - Password'

2022-05-11 13:30:13 - [MESSAGE][WARNING] - Timeout '0' is invalid. Using default page load timeout: '30'

2022-05-11 13:30:15 - [MESSAGE][PASSED] - Text 'Mobile123+' has been set to element 'Object Repository/Login/android.widget.EditText - Password'

2022-05-11 13:30:15 - [TEST_STEP][PASSED] - tap(findTestObject("Object Repository/Login/android.widget.ImageButton"), 0): Tapped on element 'Object Repository/Login/android.widget.ImageButton'

2022-05-11 13:30:15 - [MESSAGE][WARNING] - Timeout '0' is invalid. Using default page load timeout: '30'

2022-05-11 13:30:16 - [MESSAGE][PASSED] - Tapped on element 'Object Repository/Login/android.widget.ImageButton'

2022-05-11 13:30:16 - [TEST_STEP][PASSED] - delay(2, STOP_ON_FAILURE): Delayed 2 second(s)

2022-05-11 13:30:18 - [MESSAGE][PASSED] - Delayed 2 second(s)

2022-05-11 13:30:18 - [TEST_STEP][PASSED] - takeScreenshot(baseDir + sspathinisiasidata + "Login-1" + ".png", STOP_ON_FAILURE): Screenshot is taken

2022-05-11 13:30:20 - [MESSAGE][PASSED] - Screenshot is taken
[[ATTACHMENT|C:\Users\Nia Yusniati\Git_Asa\KKBSK\Screenshoot\Marketer\Aplikasi BaruLogin-1.png]]

2022-05-11 13:30:20 - [MESSAGE][PASSED] - Screenshot is taken
[[ATTACHMENT|C:\Users\Nia Yusniati\Git_Asa\KKBSK\Screenshoot\Marketer\Aplikasi BaruLogin-1.png]]

2022-05-11 13:30:20 - [TEST_STEP][PASSED] - tap(findTestObject("Object Repository/Login/android.widget.ImageView"), 0): Tapped on element 'Object Repository/Login/android.widget.ImageView'

2022-05-11 13:30:20 - [MESSAGE][WARNING] - Timeout '0' is invalid. Using default page load timeout: '30'

2022-05-11 13:30:21 - [MESSAGE][PASSED] - Tapped on element 'Object Repository/Login/android.widget.ImageView'

2022-05-11 13:30:21 - [TEST_STEP][PASSED] - delay(8, STOP_ON_FAILURE): Delayed 8 second(s)

2022-05-11 13:30:29 - [MESSAGE][PASSED] - Delayed 8 second(s)

2022-05-11 13:30:29 - [TEST_STEP][PASSED] - takeScreenshot(baseDir + sspathinisiasidata + "Login-2" + ".png", STOP_ON_FAILURE): Screenshot is taken

2022-05-11 13:30:30 - [MESSAGE][PASSED] - Screenshot is taken
[[ATTACHMENT|C:\Users\Nia Yusniati\Git_Asa\KKBSK\Screenshoot\Marketer\Aplikasi BaruLogin-2.png]]

2022-05-11 13:30:30 - [MESSAGE][PASSED] - Screenshot is taken
[[ATTACHMENT|C:\Users\Nia Yusniati\Git_Asa\KKBSK\Screenshoot\Marketer\Aplikasi BaruLogin-2.png]]

2022-05-11 13:30:30 - [TEST_STEP][PASSED] - tap(findTestObject("Object Repository/Login/android.widget.FrameLayout"), 0): Tapped on element 'Object Repository/Login/android.widget.FrameLayout'

2022-05-11 13:30:30 - [MESSAGE][WARNING] - Timeout '0' is invalid. Using default page load timeout: '30'

2022-05-11 13:30:32 - [MESSAGE][PASSED] - Tapped on element 'Object Repository/Login/android.widget.FrameLayout'

2022-05-11 13:30:32 - [TEST_STEP][PASSED] - delay(5, STOP_ON_FAILURE): Delayed 5 second(s)

2022-05-11 13:30:37 - [MESSAGE][PASSED] - Delayed 5 second(s)

2022-05-11 13:30:37 - [TEST_STEP][PASSED] - takeScreenshot(baseDir + sspathinisiasidata + "Login-3" + ".png", STOP_ON_FAILURE): Screenshot is taken

2022-05-11 13:30:38 - [MESSAGE][PASSED] - Screenshot is taken
[[ATTACHMENT|C:\Users\Nia Yusniati\Git_Asa\KKBSK\Screenshoot\Marketer\Aplikasi BaruLogin-3.png]]

2022-05-11 13:30:38 - [MESSAGE][PASSED] - Screenshot is taken
[[ATTACHMENT|C:\Users\Nia Yusniati\Git_Asa\KKBSK\Screenshoot\Marketer\Aplikasi BaruLogin-3.png]]

2022-05-11 13:30:38 - [TEST_STEP][PASSED] - tap(findTestObject("Object Repository/Login/android.widget.FrameLayout (1)"), 0): Tapped on element 'Object Repository/Login/android.widget.FrameLayout (1)'

2022-05-11 13:30:38 - [MESSAGE][WARNING] - Timeout '0' is invalid. Using default page load timeout: '30'

2022-05-11 13:30:41 - [MESSAGE][PASSED] - Tapped on element 'Object Repository/Login/android.widget.FrameLayout (1)'

2022-05-11 13:30:41 - [TEST_STEP][PASSED] - delay(5, STOP_ON_FAILURE): Delayed 5 second(s)

2022-05-11 13:30:46 - [MESSAGE][PASSED] - Delayed 5 second(s)

2022-05-11 13:30:46 - [TEST_STEP][PASSED] - takeScreenshot(baseDir + sspathinisiasidata + "Login-4" + ".png", STOP_ON_FAILURE): Screenshot is taken

2022-05-11 13:30:47 - [MESSAGE][PASSED] - Screenshot is taken
[[ATTACHMENT|C:\Users\Nia Yusniati\Git_Asa\KKBSK\Screenshoot\Marketer\Aplikasi BaruLogin-4.png]]

2022-05-11 13:30:47 - [MESSAGE][PASSED] - Screenshot is taken
[[ATTACHMENT|C:\Users\Nia Yusniati\Git_Asa\KKBSK\Screenshoot\Marketer\Aplikasi BaruLogin-4.png]]

2022-05-11 13:30:47 - [TEST_STEP][PASSED] - closeApplication(): Close app successfully

2022-05-11 13:30:48 - [MESSAGE][PASSED] - Close app successfully]]></system-out>
         <system-err><![CDATA[]]></system-err>
      </testcase>
      <testcase name="Test Cases/Marketer/Simulasi Kredit Baru/2. Simulasi Kredit" time="78.461" classname="Test Cases/Marketer/Simulasi Kredit Baru/2. Simulasi Kredit" status="PASSED">
         <system-out><![CDATA[2022-05-11 13:30:48 - [TEST_CASE][PASSED] - Test Cases/Marketer/Simulasi Kredit Baru/2. Simulasi Kredit: Test Cases/Marketer/Simulasi Kredit Baru/2. Simulasi Kredit

2022-05-11 13:30:48 - [TEST_STEP][PASSED] - baseDir = System.getProperty("user.dir"): null

2022-05-11 13:30:48 - [TEST_STEP][PASSED] - startExistingApplication("bcaf.crm.kkb.saleskit"): Starting app with application ID: 'bcaf.crm.kkb.saleskit'

2022-05-11 13:30:51 - [MESSAGE][INFO] - Appium server started on port 62,267

2022-05-11 13:31:05 - [MESSAGE][PASSED] - Starting app with application ID: 'bcaf.crm.kkb.saleskit'

2022-05-11 13:31:05 - [TEST_STEP][PASSED] - delay(2, STOP_ON_FAILURE): Delayed 2 second(s)

2022-05-11 13:31:07 - [MESSAGE][PASSED] - Delayed 2 second(s)

2022-05-11 13:31:07 - [TEST_STEP][PASSED] - takeScreenshot(baseDir + sspathinisiasidata + "Simulasi Kredit 1" + ".png", STOP_ON_FAILURE): Screenshot is taken

2022-05-11 13:31:08 - [MESSAGE][PASSED] - Screenshot is taken
[[ATTACHMENT|C:\Users\Nia Yusniati\Git_Asa\KKBSK\Screenshoot\Marketer\Aplikasi BaruSimulasi Kredit 1.png]]

2022-05-11 13:31:08 - [MESSAGE][PASSED] - Screenshot is taken
[[ATTACHMENT|C:\Users\Nia Yusniati\Git_Asa\KKBSK\Screenshoot\Marketer\Aplikasi BaruSimulasi Kredit 1.png]]

2022-05-11 13:31:08 - [TEST_STEP][PASSED] - tap(findTestObject("Object Repository/Simulasi Kredit 1/android.view.ViewGroup"), 0): Tapped on element 'Object Repository/Simulasi Kredit 1/android.view.ViewGroup'

2022-05-11 13:31:08 - [MESSAGE][WARNING] - Timeout '0' is invalid. Using default page load timeout: '30'

2022-05-11 13:31:09 - [MESSAGE][PASSED] - Tapped on element 'Object Repository/Simulasi Kredit 1/android.view.ViewGroup'

2022-05-11 13:31:09 - [TEST_STEP][PASSED] - tap(findTestObject("Object Repository/Simulasi Kredit 1/android.widget.Spinner"), 0): Tapped on element 'Object Repository/Simulasi Kredit 1/android.widget.Spinner'

2022-05-11 13:31:09 - [MESSAGE][WARNING] - Timeout '0' is invalid. Using default page load timeout: '30'

2022-05-11 13:31:10 - [MESSAGE][PASSED] - Tapped on element 'Object Repository/Simulasi Kredit 1/android.widget.Spinner'

2022-05-11 13:31:10 - [TEST_STEP][PASSED] - tap(findTestObject("Object Repository/Simulasi Kredit 1/android.widget.CheckedTextView - Reguler"), 0): Tapped on element 'Object Repository/Simulasi Kredit 1/android.widget.CheckedTextView - Reguler'

2022-05-11 13:31:10 - [MESSAGE][WARNING] - Timeout '0' is invalid. Using default page load timeout: '30'

2022-05-11 13:31:12 - [MESSAGE][PASSED] - Tapped on element 'Object Repository/Simulasi Kredit 1/android.widget.CheckedTextView - Reguler'

2022-05-11 13:31:12 - [TEST_STEP][PASSED] - tap(findTestObject("Object Repository/Simulasi Kredit 1/android.widget.Spinner (1)"), 0): Tapped on element 'Object Repository/Simulasi Kredit 1/android.widget.Spinner (1)'

2022-05-11 13:31:12 - [MESSAGE][WARNING] - Timeout '0' is invalid. Using default page load timeout: '30'

2022-05-11 13:31:13 - [MESSAGE][PASSED] - Tapped on element 'Object Repository/Simulasi Kredit 1/android.widget.Spinner (1)'

2022-05-11 13:31:13 - [TEST_STEP][PASSED] - tap(findTestObject("Object Repository/Simulasi Kredit 1/android.widget.CheckedTextView - Mobil Baru"), 0): Tapped on element 'Object Repository/Simulasi Kredit 1/android.widget.CheckedTextView - Mobil Baru'

2022-05-11 13:31:13 - [MESSAGE][WARNING] - Timeout '0' is invalid. Using default page load timeout: '30'

2022-05-11 13:31:15 - [MESSAGE][PASSED] - Tapped on element 'Object Repository/Simulasi Kredit 1/android.widget.CheckedTextView - Mobil Baru'

2022-05-11 13:31:15 - [TEST_STEP][PASSED] - tap(findTestObject("Object Repository/Simulasi Kredit 1/android.widget.Spinner (2)"), 0): Tapped on element 'Object Repository/Simulasi Kredit 1/android.widget.Spinner (2)'

2022-05-11 13:31:15 - [MESSAGE][WARNING] - Timeout '0' is invalid. Using default page load timeout: '30'

2022-05-11 13:31:16 - [MESSAGE][PASSED] - Tapped on element 'Object Repository/Simulasi Kredit 1/android.widget.Spinner (2)'

2022-05-11 13:31:16 - [TEST_STEP][PASSED] - tap(findTestObject("Object Repository/Simulasi Kredit 1/android.widget.CheckedTextView - Perorangan"), 0): Tapped on element 'Object Repository/Simulasi Kredit 1/android.widget.CheckedTextView - Perorangan'

2022-05-11 13:31:16 - [MESSAGE][WARNING] - Timeout '0' is invalid. Using default page load timeout: '30'

2022-05-11 13:31:20 - [MESSAGE][PASSED] - Tapped on element 'Object Repository/Simulasi Kredit 1/android.widget.CheckedTextView - Perorangan'

2022-05-11 13:31:20 - [TEST_STEP][PASSED] - tap(findTestObject("Object Repository/Simulasi Kredit 1/android.widget.RadioButton - Ya"), 0): Tapped on element 'Object Repository/Simulasi Kredit 1/android.widget.RadioButton - Ya'

2022-05-11 13:31:20 - [MESSAGE][WARNING] - Timeout '0' is invalid. Using default page load timeout: '30'

2022-05-11 13:31:21 - [MESSAGE][PASSED] - Tapped on element 'Object Repository/Simulasi Kredit 1/android.widget.RadioButton - Ya'

2022-05-11 13:31:21 - [TEST_STEP][PASSED] - tap(findTestObject("Object Repository/Simulasi Kredit 1/android.widget.Spinner (3)"), 0): Tapped on element 'Object Repository/Simulasi Kredit 1/android.widget.Spinner (3)'

2022-05-11 13:31:21 - [MESSAGE][WARNING] - Timeout '0' is invalid. Using default page load timeout: '30'

2022-05-11 13:31:23 - [MESSAGE][PASSED] - Tapped on element 'Object Repository/Simulasi Kredit 1/android.widget.Spinner (3)'

2022-05-11 13:31:23 - [TEST_STEP][PASSED] - tap(findTestObject("Object Repository/Simulasi Kredit 1/android.widget.CheckedTextView - Solitaire"), 0): Tapped on element 'Object Repository/Simulasi Kredit 1/android.widget.CheckedTextView - Solitaire'

2022-05-11 13:31:23 - [MESSAGE][WARNING] - Timeout '0' is invalid. Using default page load timeout: '30'

2022-05-11 13:31:27 - [MESSAGE][PASSED] - Tapped on element 'Object Repository/Simulasi Kredit 1/android.widget.CheckedTextView - Solitaire'

2022-05-11 13:31:27 - [TEST_STEP][PASSED] - tap(findTestObject("Object Repository/Simulasi Kredit 1/android.widget.Spinner (4)"), 0): Tapped on element 'Object Repository/Simulasi Kredit 1/android.widget.Spinner (4)'

2022-05-11 13:31:27 - [MESSAGE][WARNING] - Timeout '0' is invalid. Using default page load timeout: '30'

2022-05-11 13:31:28 - [MESSAGE][PASSED] - Tapped on element 'Object Repository/Simulasi Kredit 1/android.widget.Spinner (4)'

2022-05-11 13:31:28 - [TEST_STEP][PASSED] - tap(findTestObject("Object Repository/Simulasi Kredit 1/android.widget.CheckedTextView - Produktif"), 0): Tapped on element 'Object Repository/Simulasi Kredit 1/android.widget.CheckedTextView - Produktif'

2022-05-11 13:31:28 - [MESSAGE][WARNING] - Timeout '0' is invalid. Using default page load timeout: '30'

2022-05-11 13:31:31 - [MESSAGE][PASSED] - Tapped on element 'Object Repository/Simulasi Kredit 1/android.widget.CheckedTextView - Produktif'

2022-05-11 13:31:31 - [TEST_STEP][PASSED] - delay(2, STOP_ON_FAILURE): Delayed 2 second(s)

2022-05-11 13:31:33 - [MESSAGE][PASSED] - Delayed 2 second(s)

2022-05-11 13:31:33 - [TEST_STEP][PASSED] - takeScreenshot(baseDir + sspathinisiasidata + "Simulasi Kredit 2" + ".png", STOP_ON_FAILURE): Screenshot is taken

2022-05-11 13:31:34 - [MESSAGE][PASSED] - Screenshot is taken
[[ATTACHMENT|C:\Users\Nia Yusniati\Git_Asa\KKBSK\Screenshoot\Marketer\Aplikasi BaruSimulasi Kredit 2.png]]

2022-05-11 13:31:34 - [MESSAGE][PASSED] - Screenshot is taken
[[ATTACHMENT|C:\Users\Nia Yusniati\Git_Asa\KKBSK\Screenshoot\Marketer\Aplikasi BaruSimulasi Kredit 2.png]]

2022-05-11 13:31:34 - [TEST_STEP][PASSED] - tap(findTestObject("Object Repository/Simulasi Kredit 1/android.widget.Button - Lanjut"), 0): Tapped on element 'Object Repository/Simulasi Kredit 1/android.widget.Button - Lanjut'

2022-05-11 13:31:34 - [MESSAGE][WARNING] - Timeout '0' is invalid. Using default page load timeout: '30'

2022-05-11 13:31:35 - [MESSAGE][PASSED] - Tapped on element 'Object Repository/Simulasi Kredit 1/android.widget.Button - Lanjut'

2022-05-11 13:31:35 - [TEST_STEP][PASSED] - setText(findTestObject("Object Repository/Simulasi Kredit 1/android.widget.EditText (1)"), "500000000", 0): Text '500000000' has been set to element 'Object Repository/Simulasi Kredit 1/android.widget.EditText (1)'

2022-05-11 13:31:35 - [MESSAGE][WARNING] - Timeout '0' is invalid. Using default page load timeout: '30'

2022-05-11 13:31:38 - [MESSAGE][PASSED] - Text '500000000' has been set to element 'Object Repository/Simulasi Kredit 1/android.widget.EditText (1)'

2022-05-11 13:31:38 - [TEST_STEP][PASSED] - setText(findTestObject("Object Repository/Simulasi Kredit 1/android.widget.EditText (2)"), "30", 0): Text '30' has been set to element 'Object Repository/Simulasi Kredit 1/android.widget.EditText (2)'

2022-05-11 13:31:38 - [MESSAGE][WARNING] - Timeout '0' is invalid. Using default page load timeout: '30'

2022-05-11 13:31:39 - [MESSAGE][PASSED] - Text '30' has been set to element 'Object Repository/Simulasi Kredit 1/android.widget.EditText (2)'

2022-05-11 13:31:39 - [TEST_STEP][PASSED] - tap(findTestObject("Object Repository/Simulasi Kredit 1/android.widget.Spinner (5)"), 0): Tapped on element 'Object Repository/Simulasi Kredit 1/android.widget.Spinner (5)'

2022-05-11 13:31:40 - [MESSAGE][WARNING] - Timeout '0' is invalid. Using default page load timeout: '30'

2022-05-11 13:31:42 - [MESSAGE][PASSED] - Tapped on element 'Object Repository/Simulasi Kredit 1/android.widget.Spinner (5)'

2022-05-11 13:31:42 - [TEST_STEP][PASSED] - tap(findTestObject("Object Repository/Simulasi Kredit 1/android.widget.CheckedTextView - Passenger"), 0): Tapped on element 'Object Repository/Simulasi Kredit 1/android.widget.CheckedTextView - Passenger'

2022-05-11 13:31:42 - [MESSAGE][WARNING] - Timeout '0' is invalid. Using default page load timeout: '30'

2022-05-11 13:31:43 - [MESSAGE][PASSED] - Tapped on element 'Object Repository/Simulasi Kredit 1/android.widget.CheckedTextView - Passenger'

2022-05-11 13:31:43 - [TEST_STEP][PASSED] - tap(findTestObject("Object Repository/Simulasi Kredit 1/android.widget.Spinner (6)"), 0): Tapped on element 'Object Repository/Simulasi Kredit 1/android.widget.Spinner (6)'

2022-05-11 13:31:43 - [MESSAGE][WARNING] - Timeout '0' is invalid. Using default page load timeout: '30'

2022-05-11 13:31:44 - [MESSAGE][PASSED] - Tapped on element 'Object Repository/Simulasi Kredit 1/android.widget.Spinner (6)'

2022-05-11 13:31:44 - [TEST_STEP][PASSED] - tap(findTestObject("Object Repository/Simulasi Kredit 1/android.widget.CheckedTextView - Lain-lainnya"), 0): Tapped on element 'Object Repository/Simulasi Kredit 1/android.widget.CheckedTextView - Lain-lainnya'

2022-05-11 13:31:44 - [MESSAGE][WARNING] - Timeout '0' is invalid. Using default page load timeout: '30'

2022-05-11 13:31:46 - [MESSAGE][PASSED] - Tapped on element 'Object Repository/Simulasi Kredit 1/android.widget.CheckedTextView - Lain-lainnya'

2022-05-11 13:31:46 - [TEST_STEP][PASSED] - tap(findTestObject("Object Repository/Simulasi Kredit 1/android.widget.Spinner (7)"), 0): Tapped on element 'Object Repository/Simulasi Kredit 1/android.widget.Spinner (7)'

2022-05-11 13:31:46 - [MESSAGE][WARNING] - Timeout '0' is invalid. Using default page load timeout: '30'

2022-05-11 13:31:46 - [MESSAGE][PASSED] - Tapped on element 'Object Repository/Simulasi Kredit 1/android.widget.Spinner (7)'

2022-05-11 13:31:46 - [TEST_STEP][PASSED] - tap(findTestObject("Object Repository/Simulasi Kredit 1/android.widget.CheckedTextView - Comprehensive"), 0): Tapped on element 'Object Repository/Simulasi Kredit 1/android.widget.CheckedTextView - Comprehensive'

2022-05-11 13:31:47 - [MESSAGE][WARNING] - Timeout '0' is invalid. Using default page load timeout: '30'

2022-05-11 13:31:49 - [MESSAGE][PASSED] - Tapped on element 'Object Repository/Simulasi Kredit 1/android.widget.CheckedTextView - Comprehensive'

2022-05-11 13:31:49 - [TEST_STEP][PASSED] - delay(2, STOP_ON_FAILURE): Delayed 2 second(s)

2022-05-11 13:31:51 - [MESSAGE][PASSED] - Delayed 2 second(s)

2022-05-11 13:31:51 - [TEST_STEP][PASSED] - takeScreenshot(baseDir + sspathinisiasidata + "Simulasi Kredit 3" + ".png", STOP_ON_FAILURE): Screenshot is taken

2022-05-11 13:31:51 - [MESSAGE][PASSED] - Screenshot is taken
[[ATTACHMENT|C:\Users\Nia Yusniati\Git_Asa\KKBSK\Screenshoot\Marketer\Aplikasi BaruSimulasi Kredit 3.png]]

2022-05-11 13:31:51 - [MESSAGE][PASSED] - Screenshot is taken
[[ATTACHMENT|C:\Users\Nia Yusniati\Git_Asa\KKBSK\Screenshoot\Marketer\Aplikasi BaruSimulasi Kredit 3.png]]

2022-05-11 13:31:52 - [TEST_STEP][PASSED] - tap(findTestObject("Object Repository/Simulasi Kredit 1/android.widget.Button - Kalkulasi"), 0): Tapped on element 'Object Repository/Simulasi Kredit 1/android.widget.Button - Kalkulasi'

2022-05-11 13:31:52 - [MESSAGE][WARNING] - Timeout '0' is invalid. Using default page load timeout: '30'

2022-05-11 13:31:52 - [MESSAGE][PASSED] - Tapped on element 'Object Repository/Simulasi Kredit 1/android.widget.Button - Kalkulasi'

2022-05-11 13:31:52 - [TEST_STEP][PASSED] - delay(4, STOP_ON_FAILURE): Delayed 4 second(s)

2022-05-11 13:31:56 - [MESSAGE][PASSED] - Delayed 4 second(s)

2022-05-11 13:31:56 - [TEST_STEP][PASSED] - takeScreenshot(baseDir + sspathinisiasidata + "Simulasi Kredit 4" + ".png", STOP_ON_FAILURE): Screenshot is taken

2022-05-11 13:31:57 - [MESSAGE][PASSED] - Screenshot is taken
[[ATTACHMENT|C:\Users\Nia Yusniati\Git_Asa\KKBSK\Screenshoot\Marketer\Aplikasi BaruSimulasi Kredit 4.png]]

2022-05-11 13:31:57 - [MESSAGE][PASSED] - Screenshot is taken
[[ATTACHMENT|C:\Users\Nia Yusniati\Git_Asa\KKBSK\Screenshoot\Marketer\Aplikasi BaruSimulasi Kredit 4.png]]

2022-05-11 13:31:57 - [TEST_STEP][PASSED] - tap(findTestObject("Object Repository/Simulasi Kredit 1/android.widget.ImageButton"), 0): Tapped on element 'Object Repository/Simulasi Kredit 1/android.widget.ImageButton'

2022-05-11 13:31:57 - [MESSAGE][WARNING] - Timeout '0' is invalid. Using default page load timeout: '30'

2022-05-11 13:31:58 - [MESSAGE][PASSED] - Tapped on element 'Object Repository/Simulasi Kredit 1/android.widget.ImageButton'

2022-05-11 13:31:58 - [TEST_STEP][PASSED] - delay(4, STOP_ON_FAILURE): Delayed 4 second(s)

2022-05-11 13:32:02 - [MESSAGE][PASSED] - Delayed 4 second(s)

2022-05-11 13:32:02 - [TEST_STEP][PASSED] - takeScreenshot(baseDir + sspathinisiasidata + "Simulasi Kredit 5" + ".png", STOP_ON_FAILURE): Screenshot is taken

2022-05-11 13:32:03 - [MESSAGE][PASSED] - Screenshot is taken
[[ATTACHMENT|C:\Users\Nia Yusniati\Git_Asa\KKBSK\Screenshoot\Marketer\Aplikasi BaruSimulasi Kredit 5.png]]

2022-05-11 13:32:03 - [MESSAGE][PASSED] - Screenshot is taken
[[ATTACHMENT|C:\Users\Nia Yusniati\Git_Asa\KKBSK\Screenshoot\Marketer\Aplikasi BaruSimulasi Kredit 5.png]]

2022-05-11 13:32:03 - [TEST_STEP][PASSED] - tap(findTestObject("Object Repository/Simulasi Kredit 1/android.widget.Button - Apply Now"), 0): Tapped on element 'Object Repository/Simulasi Kredit 1/android.widget.Button - Apply Now'

2022-05-11 13:32:03 - [MESSAGE][WARNING] - Timeout '0' is invalid. Using default page load timeout: '30'

2022-05-11 13:32:04 - [MESSAGE][PASSED] - Tapped on element 'Object Repository/Simulasi Kredit 1/android.widget.Button - Apply Now'

2022-05-11 13:32:04 - [TEST_STEP][PASSED] - delay(1, STOP_ON_FAILURE): Delayed 1 second(s)

2022-05-11 13:32:05 - [MESSAGE][PASSED] - Delayed 1 second(s)

2022-05-11 13:32:05 - [TEST_STEP][PASSED] - takeScreenshot(baseDir + sspathinisiasidata + "Simulasi Kredit 6" + ".png", STOP_ON_FAILURE): Screenshot is taken

2022-05-11 13:32:05 - [MESSAGE][PASSED] - Screenshot is taken
[[ATTACHMENT|C:\Users\Nia Yusniati\Git_Asa\KKBSK\Screenshoot\Marketer\Aplikasi BaruSimulasi Kredit 6.png]]

2022-05-11 13:32:05 - [MESSAGE][PASSED] - Screenshot is taken
[[ATTACHMENT|C:\Users\Nia Yusniati\Git_Asa\KKBSK\Screenshoot\Marketer\Aplikasi BaruSimulasi Kredit 6.png]]

2022-05-11 13:32:05 - [TEST_STEP][PASSED] - closeApplication(): Close app successfully

2022-05-11 13:32:06 - [MESSAGE][PASSED] - Close app successfully]]></system-out>
         <system-err><![CDATA[]]></system-err>
      </testcase>
      <testcase name="Test Cases/Marketer/Simulasi Kredit Baru/3. Upload File" time="207.475" classname="Test Cases/Marketer/Simulasi Kredit Baru/3. Upload File" status="PASSED">
         <system-out><![CDATA[2022-05-11 13:32:06 - [TEST_CASE][PASSED] - Test Cases/Marketer/Simulasi Kredit Baru/3. Upload File: Test Cases/Marketer/Simulasi Kredit Baru/3. Upload File

2022-05-11 13:32:07 - [TEST_STEP][PASSED] - baseDir = System.getProperty("user.dir"): null

2022-05-11 13:32:07 - [TEST_STEP][PASSED] - startExistingApplication("bcaf.crm.kkb.saleskit"): Starting app with application ID: 'bcaf.crm.kkb.saleskit'

2022-05-11 13:32:10 - [MESSAGE][INFO] - Appium server started on port 62,410

2022-05-11 13:32:22 - [MESSAGE][PASSED] - Starting app with application ID: 'bcaf.crm.kkb.saleskit'

2022-05-11 13:32:22 - [TEST_STEP][PASSED] - delay(2, STOP_ON_FAILURE): Delayed 2 second(s)

2022-05-11 13:32:24 - [MESSAGE][PASSED] - Delayed 2 second(s)

2022-05-11 13:32:24 - [TEST_STEP][PASSED] - takeScreenshot(baseDir + sspathinisiasidata + "Upload File 1" + ".png", STOP_ON_FAILURE): Screenshot is taken

2022-05-11 13:32:25 - [MESSAGE][PASSED] - Screenshot is taken
[[ATTACHMENT|C:\Users\Nia Yusniati\Git_Asa\KKBSK\Screenshoot\Marketer\Aplikasi BaruUpload File 1.png]]

2022-05-11 13:32:25 - [MESSAGE][PASSED] - Screenshot is taken
[[ATTACHMENT|C:\Users\Nia Yusniati\Git_Asa\KKBSK\Screenshoot\Marketer\Aplikasi BaruUpload File 1.png]]

2022-05-11 13:32:25 - [TEST_STEP][PASSED] - tap(findTestObject("Object Repository/Upload File/android.widget.ImageView"), 0): Tapped on element 'Object Repository/Upload File/android.widget.ImageView'

2022-05-11 13:32:25 - [MESSAGE][WARNING] - Timeout '0' is invalid. Using default page load timeout: '30'

2022-05-11 13:32:26 - [MESSAGE][PASSED] - Tapped on element 'Object Repository/Upload File/android.widget.ImageView'

2022-05-11 13:32:26 - [TEST_STEP][PASSED] - tap(findTestObject("Object Repository/Upload File/android.widget.Button - GALERI"), 0): Tapped on element 'Object Repository/Upload File/android.widget.Button - GALERI'

2022-05-11 13:32:26 - [MESSAGE][WARNING] - Timeout '0' is invalid. Using default page load timeout: '30'

2022-05-11 13:32:27 - [MESSAGE][PASSED] - Tapped on element 'Object Repository/Upload File/android.widget.Button - GALERI'

2022-05-11 13:32:27 - [TEST_STEP][PASSED] - scrollToText("Upload File"): Scrolling to text 'Upload File' successfully

2022-05-11 13:32:39 - [MESSAGE][PASSED] - Scrolling to text 'Upload File' successfully

2022-05-11 13:32:39 - [TEST_STEP][PASSED] - tap(findTestObject("Object Repository/Upload File/android.widget.ImageView (1)"), 0): Tapped on element 'Object Repository/Upload File/android.widget.ImageView (1)'

2022-05-11 13:32:39 - [MESSAGE][WARNING] - Timeout '0' is invalid. Using default page load timeout: '30'

2022-05-11 13:32:40 - [MESSAGE][PASSED] - Tapped on element 'Object Repository/Upload File/android.widget.ImageView (1)'

2022-05-11 13:32:40 - [TEST_STEP][PASSED] - tap(findTestObject("Object Repository/Upload File/android.widget.FrameLayout"), 0): Tapped on element 'Object Repository/Upload File/android.widget.FrameLayout'

2022-05-11 13:32:40 - [MESSAGE][WARNING] - Timeout '0' is invalid. Using default page load timeout: '30'

2022-05-11 13:32:42 - [MESSAGE][PASSED] - Tapped on element 'Object Repository/Upload File/android.widget.FrameLayout'

2022-05-11 13:32:42 - [TEST_STEP][PASSED] - tap(findTestObject("Object Repository/Upload File/android.widget.ImageView (2)"), 0): Tapped on element 'Object Repository/Upload File/android.widget.ImageView (2)'

2022-05-11 13:32:42 - [MESSAGE][WARNING] - Timeout '0' is invalid. Using default page load timeout: '30'

2022-05-11 13:32:44 - [MESSAGE][PASSED] - Tapped on element 'Object Repository/Upload File/android.widget.ImageView (2)'

2022-05-11 13:32:44 - [TEST_STEP][PASSED] - tap(findTestObject("Upload File/android.widget.Button - GALERI"), 0): Tapped on element 'Object Repository/Upload File/android.widget.Button - GALERI'

2022-05-11 13:32:45 - [MESSAGE][WARNING] - Timeout '0' is invalid. Using default page load timeout: '30'

2022-05-11 13:32:45 - [MESSAGE][PASSED] - Tapped on element 'Object Repository/Upload File/android.widget.Button - GALERI'

2022-05-11 13:32:45 - [TEST_STEP][PASSED] - scrollToText("Upload File"): Scrolling to text 'Upload File' successfully

2022-05-11 13:32:57 - [MESSAGE][PASSED] - Scrolling to text 'Upload File' successfully

2022-05-11 13:32:57 - [TEST_STEP][PASSED] - tap(findTestObject("Object Repository/Upload File/android.widget.ImageView (3)"), 0): Tapped on element 'Object Repository/Upload File/android.widget.ImageView (3)'

2022-05-11 13:32:57 - [MESSAGE][WARNING] - Timeout '0' is invalid. Using default page load timeout: '30'

2022-05-11 13:32:58 - [MESSAGE][PASSED] - Tapped on element 'Object Repository/Upload File/android.widget.ImageView (3)'

2022-05-11 13:32:58 - [TEST_STEP][PASSED] - tap(findTestObject("Object Repository/Upload File/android.widget.FrameLayout (1)"), 0): Tapped on element 'Object Repository/Upload File/android.widget.FrameLayout (1)'

2022-05-11 13:32:58 - [MESSAGE][WARNING] - Timeout '0' is invalid. Using default page load timeout: '30'

2022-05-11 13:32:59 - [MESSAGE][PASSED] - Tapped on element 'Object Repository/Upload File/android.widget.FrameLayout (1)'

2022-05-11 13:32:59 - [TEST_STEP][PASSED] - delay(2, STOP_ON_FAILURE): Delayed 2 second(s)

2022-05-11 13:33:01 - [MESSAGE][PASSED] - Delayed 2 second(s)

2022-05-11 13:33:01 - [TEST_STEP][PASSED] - takeScreenshot(baseDir + sspathinisiasidata + "Upload File 2" + ".png", STOP_ON_FAILURE): Screenshot is taken

2022-05-11 13:33:03 - [MESSAGE][PASSED] - Screenshot is taken
[[ATTACHMENT|C:\Users\Nia Yusniati\Git_Asa\KKBSK\Screenshoot\Marketer\Aplikasi BaruUpload File 2.png]]

2022-05-11 13:33:03 - [MESSAGE][PASSED] - Screenshot is taken
[[ATTACHMENT|C:\Users\Nia Yusniati\Git_Asa\KKBSK\Screenshoot\Marketer\Aplikasi BaruUpload File 2.png]]

2022-05-11 13:33:03 - [TEST_STEP][PASSED] - scrollToText("NPWP"): Scrolling to text 'NPWP' successfully

2022-05-11 13:33:08 - [MESSAGE][PASSED] - Scrolling to text 'NPWP' successfully

2022-05-11 13:33:08 - [TEST_STEP][PASSED] - tap(findTestObject("Object Repository/Upload File/android.widget.ImageView (4)"), 0): Tapped on element 'Object Repository/Upload File/android.widget.ImageView (4)'

2022-05-11 13:33:08 - [MESSAGE][WARNING] - Timeout '0' is invalid. Using default page load timeout: '30'

2022-05-11 13:33:09 - [MESSAGE][PASSED] - Tapped on element 'Object Repository/Upload File/android.widget.ImageView (4)'

2022-05-11 13:33:09 - [TEST_STEP][PASSED] - tap(findTestObject("Upload File/android.widget.Button - GALERI"), 0): Tapped on element 'Object Repository/Upload File/android.widget.Button - GALERI'

2022-05-11 13:33:09 - [MESSAGE][WARNING] - Timeout '0' is invalid. Using default page load timeout: '30'

2022-05-11 13:33:10 - [MESSAGE][PASSED] - Tapped on element 'Object Repository/Upload File/android.widget.Button - GALERI'

2022-05-11 13:33:10 - [TEST_STEP][PASSED] - scrollToText("Upload File"): Scrolling to text 'Upload File' successfully

2022-05-11 13:33:22 - [MESSAGE][PASSED] - Scrolling to text 'Upload File' successfully

2022-05-11 13:33:22 - [TEST_STEP][PASSED] - tap(findTestObject("Object Repository/Upload File/android.widget.ImageView (5)"), 0): Tapped on element 'Object Repository/Upload File/android.widget.ImageView (5)'

2022-05-11 13:33:22 - [MESSAGE][WARNING] - Timeout '0' is invalid. Using default page load timeout: '30'

2022-05-11 13:33:23 - [MESSAGE][PASSED] - Tapped on element 'Object Repository/Upload File/android.widget.ImageView (5)'

2022-05-11 13:33:23 - [TEST_STEP][PASSED] - tap(findTestObject("Object Repository/Upload File/android.widget.FrameLayout (2)"), 0): Tapped on element 'Object Repository/Upload File/android.widget.FrameLayout (2)'

2022-05-11 13:33:23 - [MESSAGE][WARNING] - Timeout '0' is invalid. Using default page load timeout: '30'

2022-05-11 13:33:24 - [MESSAGE][PASSED] - Tapped on element 'Object Repository/Upload File/android.widget.FrameLayout (2)'

2022-05-11 13:33:24 - [TEST_STEP][PASSED] - tap(findTestObject("Object Repository/Upload File/android.view.ViewGroup"), 0): Tapped on element 'Object Repository/Upload File/android.view.ViewGroup'

2022-05-11 13:33:24 - [MESSAGE][WARNING] - Timeout '0' is invalid. Using default page load timeout: '30'

2022-05-11 13:33:26 - [MESSAGE][PASSED] - Tapped on element 'Object Repository/Upload File/android.view.ViewGroup'

2022-05-11 13:33:26 - [TEST_STEP][PASSED] - tap(findTestObject("Upload File/android.widget.Button - GALERI"), 0): Tapped on element 'Object Repository/Upload File/android.widget.Button - GALERI'

2022-05-11 13:33:26 - [MESSAGE][WARNING] - Timeout '0' is invalid. Using default page load timeout: '30'

2022-05-11 13:33:27 - [MESSAGE][PASSED] - Tapped on element 'Object Repository/Upload File/android.widget.Button - GALERI'

2022-05-11 13:33:27 - [TEST_STEP][PASSED] - scrollToText("Upload File"): Scrolling to text 'Upload File' successfully

2022-05-11 13:33:39 - [MESSAGE][PASSED] - Scrolling to text 'Upload File' successfully

2022-05-11 13:33:39 - [TEST_STEP][PASSED] - tap(findTestObject("Object Repository/Upload File/android.widget.ImageView (6)"), 0): Tapped on element 'Object Repository/Upload File/android.widget.ImageView (6)'

2022-05-11 13:33:39 - [MESSAGE][WARNING] - Timeout '0' is invalid. Using default page load timeout: '30'

2022-05-11 13:33:39 - [MESSAGE][PASSED] - Tapped on element 'Object Repository/Upload File/android.widget.ImageView (6)'

2022-05-11 13:33:39 - [TEST_STEP][PASSED] - tap(findTestObject("Object Repository/Upload File/android.widget.FrameLayout (3)"), 0): Tapped on element 'Object Repository/Upload File/android.widget.FrameLayout (3)'

2022-05-11 13:33:40 - [MESSAGE][WARNING] - Timeout '0' is invalid. Using default page load timeout: '30'

2022-05-11 13:33:41 - [MESSAGE][PASSED] - Tapped on element 'Object Repository/Upload File/android.widget.FrameLayout (3)'

2022-05-11 13:33:41 - [TEST_STEP][PASSED] - delay(2, STOP_ON_FAILURE): Delayed 2 second(s)

2022-05-11 13:33:43 - [MESSAGE][PASSED] - Delayed 2 second(s)

2022-05-11 13:33:43 - [TEST_STEP][PASSED] - takeScreenshot(baseDir + sspathinisiasidata + "Upload File 3" + ".png", STOP_ON_FAILURE): Screenshot is taken

2022-05-11 13:33:46 - [MESSAGE][PASSED] - Screenshot is taken
[[ATTACHMENT|C:\Users\Nia Yusniati\Git_Asa\KKBSK\Screenshoot\Marketer\Aplikasi BaruUpload File 3.png]]

2022-05-11 13:33:46 - [MESSAGE][PASSED] - Screenshot is taken
[[ATTACHMENT|C:\Users\Nia Yusniati\Git_Asa\KKBSK\Screenshoot\Marketer\Aplikasi BaruUpload File 3.png]]

2022-05-11 13:33:46 - [TEST_STEP][PASSED] - scrollToText("Bukti Rumah"): Scrolling to text 'Bukti Rumah' successfully

2022-05-11 13:33:53 - [MESSAGE][PASSED] - Scrolling to text 'Bukti Rumah' successfully

2022-05-11 13:33:53 - [TEST_STEP][PASSED] - tap(findTestObject("Object Repository/Upload File/android.widget.ImageView (7)"), 0): Tapped on element 'Object Repository/Upload File/android.widget.ImageView (7)'

2022-05-11 13:33:54 - [MESSAGE][WARNING] - Timeout '0' is invalid. Using default page load timeout: '30'

2022-05-11 13:33:54 - [MESSAGE][PASSED] - Tapped on element 'Object Repository/Upload File/android.widget.ImageView (7)'

2022-05-11 13:33:54 - [TEST_STEP][PASSED] - tap(findTestObject("Upload File/android.widget.Button - GALERI"), 0): Tapped on element 'Object Repository/Upload File/android.widget.Button - GALERI'

2022-05-11 13:33:54 - [MESSAGE][WARNING] - Timeout '0' is invalid. Using default page load timeout: '30'

2022-05-11 13:33:55 - [MESSAGE][PASSED] - Tapped on element 'Object Repository/Upload File/android.widget.Button - GALERI'

2022-05-11 13:33:55 - [TEST_STEP][PASSED] - scrollToText("Upload File"): Scrolling to text 'Upload File' successfully

2022-05-11 13:34:07 - [MESSAGE][PASSED] - Scrolling to text 'Upload File' successfully

2022-05-11 13:34:07 - [TEST_STEP][PASSED] - tap(findTestObject("Object Repository/Upload File/android.widget.ImageView (8)"), 0): Tapped on element 'Object Repository/Upload File/android.widget.ImageView (8)'

2022-05-11 13:34:07 - [MESSAGE][WARNING] - Timeout '0' is invalid. Using default page load timeout: '30'

2022-05-11 13:34:08 - [MESSAGE][PASSED] - Tapped on element 'Object Repository/Upload File/android.widget.ImageView (8)'

2022-05-11 13:34:08 - [TEST_STEP][PASSED] - tap(findTestObject("Object Repository/Upload File/android.widget.FrameLayout (4)"), 0): Tapped on element 'Object Repository/Upload File/android.widget.FrameLayout (4)'

2022-05-11 13:34:08 - [MESSAGE][WARNING] - Timeout '0' is invalid. Using default page load timeout: '30'

2022-05-11 13:34:10 - [MESSAGE][PASSED] - Tapped on element 'Object Repository/Upload File/android.widget.FrameLayout (4)'

2022-05-11 13:34:10 - [TEST_STEP][PASSED] - tap(findTestObject("Object Repository/Upload File/android.widget.ImageView (9)"), 0): Tapped on element 'Object Repository/Upload File/android.widget.ImageView (9)'

2022-05-11 13:34:10 - [MESSAGE][WARNING] - Timeout '0' is invalid. Using default page load timeout: '30'

2022-05-11 13:34:19 - [MESSAGE][PASSED] - Tapped on element 'Object Repository/Upload File/android.widget.ImageView (9)'

2022-05-11 13:34:19 - [TEST_STEP][PASSED] - tap(findTestObject("Upload File/android.widget.Button - GALERI"), 0): Tapped on element 'Object Repository/Upload File/android.widget.Button - GALERI'

2022-05-11 13:34:19 - [MESSAGE][WARNING] - Timeout '0' is invalid. Using default page load timeout: '30'

2022-05-11 13:34:20 - [MESSAGE][PASSED] - Tapped on element 'Object Repository/Upload File/android.widget.Button - GALERI'

2022-05-11 13:34:20 - [TEST_STEP][PASSED] - scrollToText("Upload File"): Scrolling to text 'Upload File' successfully

2022-05-11 13:34:31 - [MESSAGE][PASSED] - Scrolling to text 'Upload File' successfully

2022-05-11 13:34:32 - [TEST_STEP][PASSED] - tap(findTestObject("Object Repository/Upload File/android.widget.ImageView (10)"), 0): Tapped on element 'Object Repository/Upload File/android.widget.ImageView (10)'

2022-05-11 13:34:32 - [MESSAGE][WARNING] - Timeout '0' is invalid. Using default page load timeout: '30'

2022-05-11 13:34:32 - [MESSAGE][PASSED] - Tapped on element 'Object Repository/Upload File/android.widget.ImageView (10)'

2022-05-11 13:34:32 - [TEST_STEP][PASSED] - tap(findTestObject("Object Repository/Upload File/android.widget.FrameLayout (5)"), 0): Tapped on element 'Object Repository/Upload File/android.widget.FrameLayout (5)'

2022-05-11 13:34:32 - [MESSAGE][WARNING] - Timeout '0' is invalid. Using default page load timeout: '30'

2022-05-11 13:34:33 - [MESSAGE][PASSED] - Tapped on element 'Object Repository/Upload File/android.widget.FrameLayout (5)'

2022-05-11 13:34:33 - [TEST_STEP][PASSED] - delay(2, STOP_ON_FAILURE): Delayed 2 second(s)

2022-05-11 13:34:35 - [MESSAGE][PASSED] - Delayed 2 second(s)

2022-05-11 13:34:35 - [TEST_STEP][PASSED] - takeScreenshot(baseDir + sspathinisiasidata + "Upload File 4" + ".png", STOP_ON_FAILURE): Screenshot is taken

2022-05-11 13:34:37 - [MESSAGE][PASSED] - Screenshot is taken
[[ATTACHMENT|C:\Users\Nia Yusniati\Git_Asa\KKBSK\Screenshoot\Marketer\Aplikasi BaruUpload File 4.png]]

2022-05-11 13:34:37 - [MESSAGE][PASSED] - Screenshot is taken
[[ATTACHMENT|C:\Users\Nia Yusniati\Git_Asa\KKBSK\Screenshoot\Marketer\Aplikasi BaruUpload File 4.png]]

2022-05-11 13:34:37 - [TEST_STEP][PASSED] - scrollToText("BPKB"): Scrolling to text 'BPKB' successfully

2022-05-11 13:34:50 - [MESSAGE][PASSED] - Scrolling to text 'BPKB' successfully

2022-05-11 13:34:50 - [TEST_STEP][PASSED] - tap(findTestObject("Object Repository/Upload File/android.widget.ImageView (11)"), 0): Tapped on element 'Object Repository/Upload File/android.widget.ImageView (11)'

2022-05-11 13:34:50 - [MESSAGE][WARNING] - Timeout '0' is invalid. Using default page load timeout: '30'

2022-05-11 13:34:51 - [MESSAGE][PASSED] - Tapped on element 'Object Repository/Upload File/android.widget.ImageView (11)'

2022-05-11 13:34:51 - [TEST_STEP][PASSED] - tap(findTestObject("Upload File/android.widget.Button - GALERI"), 0): Tapped on element 'Object Repository/Upload File/android.widget.Button - GALERI'

2022-05-11 13:34:51 - [MESSAGE][WARNING] - Timeout '0' is invalid. Using default page load timeout: '30'

2022-05-11 13:34:52 - [MESSAGE][PASSED] - Tapped on element 'Object Repository/Upload File/android.widget.Button - GALERI'

2022-05-11 13:34:52 - [TEST_STEP][PASSED] - scrollToText("Upload File"): Scrolling to text 'Upload File' successfully

2022-05-11 13:35:03 - [MESSAGE][PASSED] - Scrolling to text 'Upload File' successfully

2022-05-11 13:35:03 - [TEST_STEP][PASSED] - tap(findTestObject("Object Repository/Upload File/android.widget.ImageView (12)"), 0): Tapped on element 'Object Repository/Upload File/android.widget.ImageView (12)'

2022-05-11 13:35:03 - [MESSAGE][WARNING] - Timeout '0' is invalid. Using default page load timeout: '30'

2022-05-11 13:35:04 - [MESSAGE][PASSED] - Tapped on element 'Object Repository/Upload File/android.widget.ImageView (12)'

2022-05-11 13:35:04 - [TEST_STEP][PASSED] - tap(findTestObject("Object Repository/Upload File/android.widget.FrameLayout (6)"), 0): Tapped on element 'Object Repository/Upload File/android.widget.FrameLayout (6)'

2022-05-11 13:35:04 - [MESSAGE][WARNING] - Timeout '0' is invalid. Using default page load timeout: '30'

2022-05-11 13:35:05 - [MESSAGE][PASSED] - Tapped on element 'Object Repository/Upload File/android.widget.FrameLayout (6)'

2022-05-11 13:35:05 - [TEST_STEP][PASSED] - delay(2, STOP_ON_FAILURE): Delayed 2 second(s)

2022-05-11 13:35:07 - [MESSAGE][PASSED] - Delayed 2 second(s)

2022-05-11 13:35:07 - [TEST_STEP][PASSED] - takeScreenshot(baseDir + sspathinisiasidata + "Upload File 5" + ".png", STOP_ON_FAILURE): Screenshot is taken

2022-05-11 13:35:09 - [MESSAGE][PASSED] - Screenshot is taken
[[ATTACHMENT|C:\Users\Nia Yusniati\Git_Asa\KKBSK\Screenshoot\Marketer\Aplikasi BaruUpload File 5.png]]

2022-05-11 13:35:09 - [MESSAGE][PASSED] - Screenshot is taken
[[ATTACHMENT|C:\Users\Nia Yusniati\Git_Asa\KKBSK\Screenshoot\Marketer\Aplikasi BaruUpload File 5.png]]

2022-05-11 13:35:09 - [TEST_STEP][PASSED] - scrollToText("Lanjut"): Scrolling to text 'Lanjut' successfully

2022-05-11 13:35:10 - [MESSAGE][PASSED] - Scrolling to text 'Lanjut' successfully

2022-05-11 13:35:10 - [TEST_STEP][PASSED] - tap(findTestObject("Object Repository/Upload File/android.widget.ImageView (13)"), 0): Tapped on element 'Object Repository/Upload File/android.widget.ImageView (13)'

2022-05-11 13:35:10 - [MESSAGE][WARNING] - Timeout '0' is invalid. Using default page load timeout: '30'

2022-05-11 13:35:11 - [MESSAGE][PASSED] - Tapped on element 'Object Repository/Upload File/android.widget.ImageView (13)'

2022-05-11 13:35:11 - [TEST_STEP][PASSED] - tap(findTestObject("Upload File/android.widget.Button - GALERI"), 0): Tapped on element 'Object Repository/Upload File/android.widget.Button - GALERI'

2022-05-11 13:35:11 - [MESSAGE][WARNING] - Timeout '0' is invalid. Using default page load timeout: '30'

2022-05-11 13:35:12 - [MESSAGE][PASSED] - Tapped on element 'Object Repository/Upload File/android.widget.Button - GALERI'

2022-05-11 13:35:12 - [TEST_STEP][PASSED] - scrollToText("Upload File"): Scrolling to text 'Upload File' successfully

2022-05-11 13:35:24 - [MESSAGE][PASSED] - Scrolling to text 'Upload File' successfully

2022-05-11 13:35:24 - [TEST_STEP][PASSED] - tap(findTestObject("Object Repository/Upload File/android.widget.ImageView (14)"), 0): Tapped on element 'Object Repository/Upload File/android.widget.ImageView (14)'

2022-05-11 13:35:24 - [MESSAGE][WARNING] - Timeout '0' is invalid. Using default page load timeout: '30'

2022-05-11 13:35:25 - [MESSAGE][PASSED] - Tapped on element 'Object Repository/Upload File/android.widget.ImageView (14)'

2022-05-11 13:35:25 - [TEST_STEP][PASSED] - tap(findTestObject("Object Repository/Upload File/android.widget.FrameLayout (7)"), 0): Tapped on element 'Object Repository/Upload File/android.widget.FrameLayout (7)'

2022-05-11 13:35:25 - [MESSAGE][WARNING] - Timeout '0' is invalid. Using default page load timeout: '30'

2022-05-11 13:35:28 - [MESSAGE][PASSED] - Tapped on element 'Object Repository/Upload File/android.widget.FrameLayout (7)'

2022-05-11 13:35:28 - [TEST_STEP][PASSED] - delay(2, STOP_ON_FAILURE): Delayed 2 second(s)

2022-05-11 13:35:30 - [MESSAGE][PASSED] - Delayed 2 second(s)

2022-05-11 13:35:30 - [TEST_STEP][PASSED] - takeScreenshot(baseDir + sspathinisiasidata + "Upload File 6" + ".png", STOP_ON_FAILURE): Screenshot is taken

2022-05-11 13:35:33 - [MESSAGE][PASSED] - Screenshot is taken
[[ATTACHMENT|C:\Users\Nia Yusniati\Git_Asa\KKBSK\Screenshoot\Marketer\Aplikasi BaruUpload File 6.png]]

2022-05-11 13:35:33 - [MESSAGE][PASSED] - Screenshot is taken
[[ATTACHMENT|C:\Users\Nia Yusniati\Git_Asa\KKBSK\Screenshoot\Marketer\Aplikasi BaruUpload File 6.png]]

2022-05-11 13:35:33 - [TEST_STEP][PASSED] - tap(findTestObject("Object Repository/Upload File/android.widget.Button - Lanjut"), 0): Tapped on element 'Object Repository/Upload File/android.widget.Button - Lanjut'

2022-05-11 13:35:33 - [MESSAGE][WARNING] - Timeout '0' is invalid. Using default page load timeout: '30'

2022-05-11 13:35:33 - [MESSAGE][PASSED] - Tapped on element 'Object Repository/Upload File/android.widget.Button - Lanjut'

2022-05-11 13:35:33 - [TEST_STEP][PASSED] - closeApplication(): Close app successfully

2022-05-11 13:35:34 - [MESSAGE][PASSED] - Close app successfully]]></system-out>
         <system-err><![CDATA[]]></system-err>
      </testcase>
      <testcase name="Test Cases/Marketer/Simulasi Kredit Baru/4. Data Konsumen" time="55.225" classname="Test Cases/Marketer/Simulasi Kredit Baru/4. Data Konsumen" status="PASSED">
         <system-out><![CDATA[2022-05-11 13:35:34 - [TEST_CASE][PASSED] - Test Cases/Marketer/Simulasi Kredit Baru/4. Data Konsumen: Test Cases/Marketer/Simulasi Kredit Baru/4. Data Konsumen

2022-05-11 13:35:34 - [TEST_STEP][PASSED] - baseDir = System.getProperty("user.dir"): null

2022-05-11 13:35:34 - [TEST_STEP][PASSED] - startExistingApplication("bcaf.crm.kkb.saleskit"): Starting app with application ID: 'bcaf.crm.kkb.saleskit'

2022-05-11 13:35:37 - [MESSAGE][INFO] - Appium server started on port 62,637

2022-05-11 13:35:50 - [MESSAGE][PASSED] - Starting app with application ID: 'bcaf.crm.kkb.saleskit'

2022-05-11 13:35:50 - [TEST_STEP][PASSED] - delay(2, STOP_ON_FAILURE): Delayed 2 second(s)

2022-05-11 13:35:52 - [MESSAGE][PASSED] - Delayed 2 second(s)

2022-05-11 13:35:52 - [TEST_STEP][PASSED] - takeScreenshot(baseDir + sspathinisiasidata + "Data Konsumen 1" + ".png", STOP_ON_FAILURE): Screenshot is taken

2022-05-11 13:35:53 - [MESSAGE][PASSED] - Screenshot is taken
[[ATTACHMENT|C:\Users\Nia Yusniati\Git_Asa\KKBSK\Screenshoot\Marketer\Aplikasi BaruData Konsumen 1.png]]

2022-05-11 13:35:53 - [MESSAGE][PASSED] - Screenshot is taken
[[ATTACHMENT|C:\Users\Nia Yusniati\Git_Asa\KKBSK\Screenshoot\Marketer\Aplikasi BaruData Konsumen 1.png]]

2022-05-11 13:35:53 - [TEST_STEP][PASSED] - setText(findTestObject("Object Repository/Data Konsumen/android.widget.EditText"), "3201241107690002", 0): Text '3201241107690002' has been set to element 'Object Repository/Data Konsumen/android.widget.EditText'

2022-05-11 13:35:53 - [MESSAGE][WARNING] - Timeout '0' is invalid. Using default page load timeout: '30'

2022-05-11 13:35:54 - [MESSAGE][PASSED] - Text '3201241107690002' has been set to element 'Object Repository/Data Konsumen/android.widget.EditText'

2022-05-11 13:35:54 - [TEST_STEP][PASSED] - setText(findTestObject("Object Repository/Data Konsumen/android.widget.EditText (1)"), "LUKMAN WIJAYA", 0): Text 'LUKMAN WIJAYA' has been set to element 'Object Repository/Data Konsumen/android.widget.EditText (1)'

2022-05-11 13:35:54 - [MESSAGE][WARNING] - Timeout '0' is invalid. Using default page load timeout: '30'

2022-05-11 13:35:56 - [MESSAGE][PASSED] - Text 'LUKMAN WIJAYA' has been set to element 'Object Repository/Data Konsumen/android.widget.EditText (1)'

2022-05-11 13:35:56 - [TEST_STEP][PASSED] - setText(findTestObject("Object Repository/Data Konsumen/android.widget.EditText (2)"), "13-03-1989", 0): Text '13-03-1989' has been set to element 'Object Repository/Data Konsumen/android.widget.EditText (2)'

2022-05-11 13:35:56 - [MESSAGE][WARNING] - Timeout '0' is invalid. Using default page load timeout: '30'

2022-05-11 13:35:58 - [MESSAGE][PASSED] - Text '13-03-1989' has been set to element 'Object Repository/Data Konsumen/android.widget.EditText (2)'

2022-05-11 13:35:58 - [TEST_STEP][PASSED] - setText(findTestObject("Object Repository/Data Konsumen/android.widget.EditText (3)"), "JL. RAYA CISEENG NO.12 BLOK A", 0): Text 'JL. RAYA CISEENG NO.12 BLOK A' has been set to element 'Object Repository/Data Konsumen/android.widget.EditText (3)'

2022-05-11 13:35:58 - [MESSAGE][WARNING] - Timeout '0' is invalid. Using default page load timeout: '30'

2022-05-11 13:35:59 - [MESSAGE][PASSED] - Text 'JL. RAYA CISEENG NO.12 BLOK A' has been set to element 'Object Repository/Data Konsumen/android.widget.EditText (3)'

2022-05-11 13:35:59 - [TEST_STEP][PASSED] - setText(findTestObject("Object Repository/Data Konsumen/android.widget.EditText (4)"), "JAWA BARAT", 0): Text 'JAWA BARAT' has been set to element 'Object Repository/Data Konsumen/android.widget.EditText (4)'

2022-05-11 13:35:59 - [MESSAGE][WARNING] - Timeout '0' is invalid. Using default page load timeout: '30'

2022-05-11 13:36:01 - [MESSAGE][PASSED] - Text 'JAWA BARAT' has been set to element 'Object Repository/Data Konsumen/android.widget.EditText (4)'

2022-05-11 13:36:01 - [TEST_STEP][PASSED] - setText(findTestObject("Object Repository/Data Konsumen/android.widget.EditText (5)"), "BOGOR", 0): Text 'BOGOR' has been set to element 'Object Repository/Data Konsumen/android.widget.EditText (5)'

2022-05-11 13:36:01 - [MESSAGE][WARNING] - Timeout '0' is invalid. Using default page load timeout: '30'

2022-05-11 13:36:03 - [MESSAGE][PASSED] - Text 'BOGOR' has been set to element 'Object Repository/Data Konsumen/android.widget.EditText (5)'

2022-05-11 13:36:03 - [TEST_STEP][PASSED] - setText(findTestObject("Object Repository/Data Konsumen/android.widget.EditText (6)"), "CISEENG", 0): Text 'CISEENG' has been set to element 'Object Repository/Data Konsumen/android.widget.EditText (6)'

2022-05-11 13:36:03 - [MESSAGE][WARNING] - Timeout '0' is invalid. Using default page load timeout: '30'

2022-05-11 13:36:04 - [MESSAGE][PASSED] - Text 'CISEENG' has been set to element 'Object Repository/Data Konsumen/android.widget.EditText (6)'

2022-05-11 13:36:04 - [TEST_STEP][PASSED] - delay(2, STOP_ON_FAILURE): Delayed 2 second(s)

2022-05-11 13:36:06 - [MESSAGE][PASSED] - Delayed 2 second(s)

2022-05-11 13:36:06 - [TEST_STEP][PASSED] - takeScreenshot(baseDir + sspathinisiasidata + "Data Konsumen 2" + ".png", STOP_ON_FAILURE): Screenshot is taken

2022-05-11 13:36:07 - [MESSAGE][PASSED] - Screenshot is taken
[[ATTACHMENT|C:\Users\Nia Yusniati\Git_Asa\KKBSK\Screenshoot\Marketer\Aplikasi BaruData Konsumen 2.png]]

2022-05-11 13:36:07 - [MESSAGE][PASSED] - Screenshot is taken
[[ATTACHMENT|C:\Users\Nia Yusniati\Git_Asa\KKBSK\Screenshoot\Marketer\Aplikasi BaruData Konsumen 2.png]]

2022-05-11 13:36:07 - [TEST_STEP][PASSED] - scrollToText("Lanjut"): Scrolling to text 'Lanjut' successfully

2022-05-11 13:36:11 - [MESSAGE][PASSED] - Scrolling to text 'Lanjut' successfully

2022-05-11 13:36:12 - [TEST_STEP][PASSED] - setText(findTestObject("Object Repository/Data Konsumen/android.widget.EditText (7)"), "16660", 0): Text '16660' has been set to element 'Object Repository/Data Konsumen/android.widget.EditText (7)'

2022-05-11 13:36:12 - [MESSAGE][WARNING] - Timeout '0' is invalid. Using default page load timeout: '30'

2022-05-11 13:36:13 - [MESSAGE][PASSED] - Text '16660' has been set to element 'Object Repository/Data Konsumen/android.widget.EditText (7)'

2022-05-11 13:36:13 - [TEST_STEP][PASSED] - setText(findTestObject("Object Repository/Data Konsumen/android.widget.EditText (8)"), "081283490030", 0): Text '081283490030' has been set to element 'Object Repository/Data Konsumen/android.widget.EditText (8)'

2022-05-11 13:36:13 - [MESSAGE][WARNING] - Timeout '0' is invalid. Using default page load timeout: '30'

2022-05-11 13:36:14 - [MESSAGE][PASSED] - Text '081283490030' has been set to element 'Object Repository/Data Konsumen/android.widget.EditText (8)'

2022-05-11 13:36:14 - [TEST_STEP][PASSED] - setText(findTestObject("Object Repository/Data Konsumen/android.widget.EditText (9)"), "lukman.wijaya@gmail.com", 0): Text 'lukman.wijaya@gmail.com' has been set to element 'Object Repository/Data Konsumen/android.widget.EditText (9)'

2022-05-11 13:36:14 - [MESSAGE][WARNING] - Timeout '0' is invalid. Using default page load timeout: '30'

2022-05-11 13:36:16 - [MESSAGE][PASSED] - Text 'lukman.wijaya@gmail.com' has been set to element 'Object Repository/Data Konsumen/android.widget.EditText (9)'

2022-05-11 13:36:16 - [TEST_STEP][PASSED] - setText(findTestObject("Object Repository/Data Konsumen/android.widget.EditText (10)"), "0880562167", 0): Text '0880562167' has been set to element 'Object Repository/Data Konsumen/android.widget.EditText (10)'

2022-05-11 13:36:16 - [MESSAGE][WARNING] - Timeout '0' is invalid. Using default page load timeout: '30'

2022-05-11 13:36:17 - [MESSAGE][PASSED] - Text '0880562167' has been set to element 'Object Repository/Data Konsumen/android.widget.EditText (10)'

2022-05-11 13:36:17 - [TEST_STEP][PASSED] - setText(findTestObject("Object Repository/Data Konsumen/android.widget.EditText (11)"), "Testing 1", 0): Text 'Testing 1' has been set to element 'Object Repository/Data Konsumen/android.widget.EditText (11)'

2022-05-11 13:36:17 - [MESSAGE][WARNING] - Timeout '0' is invalid. Using default page load timeout: '30'

2022-05-11 13:36:19 - [MESSAGE][PASSED] - Text 'Testing 1' has been set to element 'Object Repository/Data Konsumen/android.widget.EditText (11)'

2022-05-11 13:36:19 - [TEST_STEP][PASSED] - tap(findTestObject("Object Repository/Data Konsumen/android.widget.Button - Lanjut"), 0): Tapped on element 'Object Repository/Data Konsumen/android.widget.Button - Lanjut'

2022-05-11 13:36:19 - [MESSAGE][WARNING] - Timeout '0' is invalid. Using default page load timeout: '30'

2022-05-11 13:36:21 - [MESSAGE][PASSED] - Tapped on element 'Object Repository/Data Konsumen/android.widget.Button - Lanjut'

2022-05-11 13:36:21 - [TEST_STEP][PASSED] - setText(findTestObject("Data Konsumen/android.widget.EditText - Nik Pasangan"), "3175070101909999", 0): Text '3175070101909999' has been set to element 'Object Repository/Data Konsumen/android.widget.EditText - Nik Pasangan'

2022-05-11 13:36:21 - [MESSAGE][WARNING] - Timeout '0' is invalid. Using default page load timeout: '30'

2022-05-11 13:36:22 - [MESSAGE][PASSED] - Text '3175070101909999' has been set to element 'Object Repository/Data Konsumen/android.widget.EditText - Nik Pasangan'

2022-05-11 13:36:22 - [TEST_STEP][PASSED] - setText(findTestObject("Object Repository/Data Konsumen/android.widget.EditText (13)"), "BILLY BUMBLEBEE SIFULAN", 0): Text 'BILLY BUMBLEBEE SIFULAN' has been set to element 'Object Repository/Data Konsumen/android.widget.EditText (13)'

2022-05-11 13:36:22 - [MESSAGE][WARNING] - Timeout '0' is invalid. Using default page load timeout: '30'

2022-05-11 13:36:23 - [MESSAGE][PASSED] - Text 'BILLY BUMBLEBEE SIFULAN' has been set to element 'Object Repository/Data Konsumen/android.widget.EditText (13)'

2022-05-11 13:36:23 - [TEST_STEP][PASSED] - setText(findTestObject("Object Repository/Data Konsumen/android.widget.EditText (14)"), "02-Jan-1990", 0): Text '02-Jan-1990' has been set to element 'Object Repository/Data Konsumen/android.widget.EditText (14)'

2022-05-11 13:36:24 - [MESSAGE][WARNING] - Timeout '0' is invalid. Using default page load timeout: '30'

2022-05-11 13:36:25 - [MESSAGE][PASSED] - Text '02-Jan-1990' has been set to element 'Object Repository/Data Konsumen/android.widget.EditText (14)'

2022-05-11 13:36:25 - [TEST_STEP][PASSED] - delay(2, STOP_ON_FAILURE): Delayed 2 second(s)

2022-05-11 13:36:27 - [MESSAGE][PASSED] - Delayed 2 second(s)

2022-05-11 13:36:27 - [TEST_STEP][PASSED] - takeScreenshot(baseDir + sspathinisiasidata + "Data Konsumen 3" + ".png", STOP_ON_FAILURE): Screenshot is taken

2022-05-11 13:36:28 - [MESSAGE][PASSED] - Screenshot is taken
[[ATTACHMENT|C:\Users\Nia Yusniati\Git_Asa\KKBSK\Screenshoot\Marketer\Aplikasi BaruData Konsumen 3.png]]

2022-05-11 13:36:28 - [MESSAGE][PASSED] - Screenshot is taken
[[ATTACHMENT|C:\Users\Nia Yusniati\Git_Asa\KKBSK\Screenshoot\Marketer\Aplikasi BaruData Konsumen 3.png]]

2022-05-11 13:36:28 - [TEST_STEP][PASSED] - tap(findTestObject("Object Repository/Data Konsumen/android.widget.Button - Lanjut (1)"), 0): Tapped on element 'Object Repository/Data Konsumen/android.widget.Button - Lanjut (1)'

2022-05-11 13:36:28 - [MESSAGE][WARNING] - Timeout '0' is invalid. Using default page load timeout: '30'

2022-05-11 13:36:28 - [MESSAGE][PASSED] - Tapped on element 'Object Repository/Data Konsumen/android.widget.Button - Lanjut (1)'

2022-05-11 13:36:28 - [TEST_STEP][PASSED] - closeApplication(): Close app successfully

2022-05-11 13:36:29 - [MESSAGE][PASSED] - Close app successfully]]></system-out>
         <system-err><![CDATA[]]></system-err>
      </testcase>
      <testcase name="Test Cases/Marketer/Simulasi Kredit Baru/5. Data Kendaraan - Submit" time="35.14" classname="Test Cases/Marketer/Simulasi Kredit Baru/5. Data Kendaraan - Submit" status="PASSED">
         <system-out><![CDATA[2022-05-11 13:36:29 - [TEST_CASE][PASSED] - Test Cases/Marketer/Simulasi Kredit Baru/5. Data Kendaraan - Submit: Test Cases/Marketer/Simulasi Kredit Baru/5. Data Kendaraan - Submit

2022-05-11 13:36:30 - [TEST_STEP][PASSED] - baseDir = System.getProperty("user.dir"): null

2022-05-11 13:36:30 - [TEST_STEP][PASSED] - startExistingApplication("bcaf.crm.kkb.saleskit"): Starting app with application ID: 'bcaf.crm.kkb.saleskit'

2022-05-11 13:36:33 - [MESSAGE][INFO] - Appium server started on port 62,778

2022-05-11 13:36:46 - [MESSAGE][PASSED] - Starting app with application ID: 'bcaf.crm.kkb.saleskit'

2022-05-11 13:36:46 - [TEST_STEP][PASSED] - delay(2, STOP_ON_FAILURE): Delayed 2 second(s)

2022-05-11 13:36:48 - [MESSAGE][PASSED] - Delayed 2 second(s)

2022-05-11 13:36:48 - [TEST_STEP][PASSED] - takeScreenshot(baseDir + sspathinisiasidata + "Data Kendaraan 1" + ".png", STOP_ON_FAILURE): Screenshot is taken

2022-05-11 13:36:49 - [MESSAGE][PASSED] - Screenshot is taken
[[ATTACHMENT|C:\Users\Nia Yusniati\Git_Asa\KKBSK\Screenshoot\Marketer\Aplikasi BaruData Kendaraan 1.png]]

2022-05-11 13:36:49 - [MESSAGE][PASSED] - Screenshot is taken
[[ATTACHMENT|C:\Users\Nia Yusniati\Git_Asa\KKBSK\Screenshoot\Marketer\Aplikasi BaruData Kendaraan 1.png]]

2022-05-11 13:36:49 - [TEST_STEP][PASSED] - setText(findTestObject("Object Repository/Data Kendaraan - Submit/android.widget.EditText"), "HONDA", 0): Text 'HONDA' has been set to element 'Object Repository/Data Kendaraan - Submit/android.widget.EditText'

2022-05-11 13:36:49 - [MESSAGE][WARNING] - Timeout '0' is invalid. Using default page load timeout: '30'

2022-05-11 13:36:50 - [MESSAGE][PASSED] - Text 'HONDA' has been set to element 'Object Repository/Data Kendaraan - Submit/android.widget.EditText'

2022-05-11 13:36:50 - [TEST_STEP][PASSED] - setText(findTestObject("Object Repository/Data Kendaraan - Submit/android.widget.EditText (1)"), "ALL NEW CIVIC", 0): Text 'ALL NEW CIVIC' has been set to element 'Object Repository/Data Kendaraan - Submit/android.widget.EditText (1)'

2022-05-11 13:36:50 - [MESSAGE][WARNING] - Timeout '0' is invalid. Using default page load timeout: '30'

2022-05-11 13:36:52 - [MESSAGE][PASSED] - Text 'ALL NEW CIVIC' has been set to element 'Object Repository/Data Kendaraan - Submit/android.widget.EditText (1)'

2022-05-11 13:36:52 - [TEST_STEP][PASSED] - setText(findTestObject("Object Repository/Data Kendaraan - Submit/android.widget.EditText (2)"), "R - KARBON", 0): Text 'R - KARBON' has been set to element 'Object Repository/Data Kendaraan - Submit/android.widget.EditText (2)'

2022-05-11 13:36:52 - [MESSAGE][WARNING] - Timeout '0' is invalid. Using default page load timeout: '30'

2022-05-11 13:36:55 - [MESSAGE][PASSED] - Text 'R - KARBON' has been set to element 'Object Repository/Data Kendaraan - Submit/android.widget.EditText (2)'

2022-05-11 13:36:55 - [TEST_STEP][PASSED] - delay(2, STOP_ON_FAILURE): Delayed 2 second(s)

2022-05-11 13:36:57 - [MESSAGE][PASSED] - Delayed 2 second(s)

2022-05-11 13:36:57 - [TEST_STEP][PASSED] - takeScreenshot(baseDir + sspathinisiasidata + "Data Kendaraan 2" + ".png", STOP_ON_FAILURE): Screenshot is taken

2022-05-11 13:36:58 - [MESSAGE][PASSED] - Screenshot is taken
[[ATTACHMENT|C:\Users\Nia Yusniati\Git_Asa\KKBSK\Screenshoot\Marketer\Aplikasi BaruData Kendaraan 2.png]]

2022-05-11 13:36:58 - [MESSAGE][PASSED] - Screenshot is taken
[[ATTACHMENT|C:\Users\Nia Yusniati\Git_Asa\KKBSK\Screenshoot\Marketer\Aplikasi BaruData Kendaraan 2.png]]

2022-05-11 13:36:58 - [TEST_STEP][PASSED] - tap(findTestObject("Object Repository/Data Kendaraan - Submit/android.widget.Button - Submit"), 0): Tapped on element 'Object Repository/Data Kendaraan - Submit/android.widget.Button - Submit'

2022-05-11 13:36:58 - [MESSAGE][WARNING] - Timeout '0' is invalid. Using default page load timeout: '30'

2022-05-11 13:37:00 - [MESSAGE][PASSED] - Tapped on element 'Object Repository/Data Kendaraan - Submit/android.widget.Button - Submit'

2022-05-11 13:37:00 - [TEST_STEP][PASSED] - delay(2, STOP_ON_FAILURE): Delayed 2 second(s)

2022-05-11 13:37:02 - [MESSAGE][PASSED] - Delayed 2 second(s)

2022-05-11 13:37:02 - [TEST_STEP][PASSED] - takeScreenshot(baseDir + sspathinisiasidata + "Data Kendaraan 3" + ".png", STOP_ON_FAILURE): Screenshot is taken

2022-05-11 13:37:03 - [MESSAGE][PASSED] - Screenshot is taken
[[ATTACHMENT|C:\Users\Nia Yusniati\Git_Asa\KKBSK\Screenshoot\Marketer\Aplikasi BaruData Kendaraan 3.png]]

2022-05-11 13:37:03 - [MESSAGE][PASSED] - Screenshot is taken
[[ATTACHMENT|C:\Users\Nia Yusniati\Git_Asa\KKBSK\Screenshoot\Marketer\Aplikasi BaruData Kendaraan 3.png]]

2022-05-11 13:37:03 - [TEST_STEP][PASSED] - tap(findTestObject("Object Repository/Data Kendaraan - Submit/android.widget.Button - SUBMIT (1)"), 0): Tapped on element 'Object Repository/Data Kendaraan - Submit/android.widget.Button - SUBMIT (1)'

2022-05-11 13:37:03 - [MESSAGE][WARNING] - Timeout '0' is invalid. Using default page load timeout: '30'

2022-05-11 13:37:03 - [MESSAGE][PASSED] - Tapped on element 'Object Repository/Data Kendaraan - Submit/android.widget.Button - SUBMIT (1)'

2022-05-11 13:37:03 - [TEST_STEP][PASSED] - closeApplication(): Close app successfully

2022-05-11 13:37:04 - [MESSAGE][PASSED] - Close app successfully]]></system-out>
         <system-err><![CDATA[]]></system-err>
      </testcase>
      <system-out><![CDATA[2022-05-11 13:29:49 - [TEST_SUITE][PASSED] - Aplikasi Baru: Test Cases/Marketer/Simulasi Kredit Baru/5. Data Kendaraan - Submit]]></system-out>
      <system-err><![CDATA[]]></system-err>
   </testsuite>
</testsuites>
