<?xml version="1.0" encoding="UTF-8"?>
<testsuites name="Aplikasi Baru" time="480.317" tests="4" failures="0" errors="0">
   <testsuite name="Aplikasi Baru" tests="4" failures="0" errors="0" time="480.317" skipped="0" timestamp="2022-05-19 15:30:53" hostname="Nia Yusniati - Apandi" id="Test Suites/Marketer - App Baru/Aplikasi Baru">
      <properties>
[...]
</properties>
      <testcase name="Test Cases/Marketer/Simulasi Kredit Baru/2. Simulasi Kredit" time="88.927" classname="Test Cases/Marketer/Simulasi Kredit Baru/2. Simulasi Kredit" status="PASSED">
         <system-out><![CDATA[2022-05-19 15:30:54 - [TEST_CASE][PASSED] - Test Cases/Marketer/Simulasi Kredit Baru/2. Simulasi Kredit: Test Cases/Marketer/Simulasi Kredit Baru/2. Simulasi Kredit

2022-05-19 15:30:55 - [TEST_STEP][PASSED] - baseDir = System.getProperty("user.dir"): null

2022-05-19 15:30:55 - [TEST_STEP][PASSED] - startExistingApplication("bcaf.crm.kkb.saleskit"): Starting app with application ID: 'bcaf.crm.kkb.saleskit'

2022-05-19 15:30:59 - [MESSAGE][INFO] - Appium server started on port 63,550

2022-05-19 15:31:15 - [MESSAGE][PASSED] - Starting app with application ID: 'bcaf.crm.kkb.saleskit'

2022-05-19 15:31:15 - [TEST_STEP][PASSED] - delay(2, STOP_ON_FAILURE): Delayed 2 second(s)

2022-05-19 15:31:17 - [MESSAGE][PASSED] - Delayed 2 second(s)

2022-05-19 15:31:17 - [TEST_STEP][PASSED] - takeScreenshotAsCheckpoint(baseDir + sspathkkbsk + "Simulasi Kredit 1" + ".png", STOP_ON_FAILURE): Screenshot is taken

2022-05-19 15:31:19 - [MESSAGE][INFO] - 0 hidden object(s)

2022-05-19 15:31:19 - [MESSAGE][PASSED] - Screenshot is taken
[[ATTACHMENT|C:\Users\Nia Yusniati\Git_Asa\KKBSK\Screenshoot\Marketer\keyes\keyes-Aplikasi BaruSimulasi Kredit 1.png]]

2022-05-19 15:31:19 - [TEST_STEP][PASSED] - tap(findTestObject("Object Repository/Simulasi Kredit 1/android.view.ViewGroup"), 0): Tapped on element 'Object Repository/Simulasi Kredit 1/android.view.ViewGroup'

2022-05-19 15:31:20 - [MESSAGE][WARNING] - Timeout '0' is invalid. Using default page load timeout: '30'

2022-05-19 15:31:22 - [MESSAGE][PASSED] - Tapped on element 'Object Repository/Simulasi Kredit 1/android.view.ViewGroup'

2022-05-19 15:31:22 - [TEST_STEP][PASSED] - tap(findTestObject("Object Repository/Simulasi Kredit 1/android.widget.Spinner"), 0): Tapped on element 'Object Repository/Simulasi Kredit 1/android.widget.Spinner'

2022-05-19 15:31:23 - [MESSAGE][WARNING] - Timeout '0' is invalid. Using default page load timeout: '30'

2022-05-19 15:31:24 - [MESSAGE][PASSED] - Tapped on element 'Object Repository/Simulasi Kredit 1/android.widget.Spinner'

2022-05-19 15:31:24 - [TEST_STEP][PASSED] - tap(findTestObject("Object Repository/Simulasi Kredit 1/android.widget.CheckedTextView - Reguler"), 0): Tapped on element 'Object Repository/Simulasi Kredit 1/android.widget.CheckedTextView - Reguler'

2022-05-19 15:31:24 - [MESSAGE][WARNING] - Timeout '0' is invalid. Using default page load timeout: '30'

2022-05-19 15:31:26 - [MESSAGE][PASSED] - Tapped on element 'Object Repository/Simulasi Kredit 1/android.widget.CheckedTextView - Reguler'

2022-05-19 15:31:26 - [TEST_STEP][PASSED] - tap(findTestObject("Object Repository/Simulasi Kredit 1/android.widget.Spinner (1)"), 0): Tapped on element 'Object Repository/Simulasi Kredit 1/android.widget.Spinner (1)'

2022-05-19 15:31:26 - [MESSAGE][WARNING] - Timeout '0' is invalid. Using default page load timeout: '30'

2022-05-19 15:31:27 - [MESSAGE][PASSED] - Tapped on element 'Object Repository/Simulasi Kredit 1/android.widget.Spinner (1)'

2022-05-19 15:31:27 - [TEST_STEP][PASSED] - tap(findTestObject("Object Repository/Simulasi Kredit 1/android.widget.CheckedTextView - Mobil Baru"), 0): Tapped on element 'Object Repository/Simulasi Kredit 1/android.widget.CheckedTextView - Mobil Baru'

2022-05-19 15:31:27 - [MESSAGE][WARNING] - Timeout '0' is invalid. Using default page load timeout: '30'

2022-05-19 15:31:29 - [MESSAGE][PASSED] - Tapped on element 'Object Repository/Simulasi Kredit 1/android.widget.CheckedTextView - Mobil Baru'

2022-05-19 15:31:29 - [TEST_STEP][PASSED] - tap(findTestObject("Object Repository/Simulasi Kredit 1/android.widget.Spinner (2)"), 0): Tapped on element 'Object Repository/Simulasi Kredit 1/android.widget.Spinner (2)'

2022-05-19 15:31:29 - [MESSAGE][WARNING] - Timeout '0' is invalid. Using default page load timeout: '30'

2022-05-19 15:31:30 - [MESSAGE][PASSED] - Tapped on element 'Object Repository/Simulasi Kredit 1/android.widget.Spinner (2)'

2022-05-19 15:31:30 - [TEST_STEP][PASSED] - tap(findTestObject("Object Repository/Simulasi Kredit 1/android.widget.CheckedTextView - Perorangan"), 0): Tapped on element 'Object Repository/Simulasi Kredit 1/android.widget.CheckedTextView - Perorangan'

2022-05-19 15:31:30 - [MESSAGE][WARNING] - Timeout '0' is invalid. Using default page load timeout: '30'

2022-05-19 15:31:32 - [MESSAGE][PASSED] - Tapped on element 'Object Repository/Simulasi Kredit 1/android.widget.CheckedTextView - Perorangan'

2022-05-19 15:31:32 - [TEST_STEP][PASSED] - tap(findTestObject("Object Repository/Simulasi Kredit 1/android.widget.RadioButton - Ya"), 0): Tapped on element 'Object Repository/Simulasi Kredit 1/android.widget.RadioButton - Ya'

2022-05-19 15:31:32 - [MESSAGE][WARNING] - Timeout '0' is invalid. Using default page load timeout: '30'

2022-05-19 15:31:34 - [MESSAGE][PASSED] - Tapped on element 'Object Repository/Simulasi Kredit 1/android.widget.RadioButton - Ya'

2022-05-19 15:31:34 - [TEST_STEP][PASSED] - tap(findTestObject("Object Repository/Simulasi Kredit 1/android.widget.Spinner (3)"), 0): Tapped on element 'Object Repository/Simulasi Kredit 1/android.widget.Spinner (3)'

2022-05-19 15:31:34 - [MESSAGE][WARNING] - Timeout '0' is invalid. Using default page load timeout: '30'

2022-05-19 15:31:35 - [MESSAGE][PASSED] - Tapped on element 'Object Repository/Simulasi Kredit 1/android.widget.Spinner (3)'

2022-05-19 15:31:35 - [TEST_STEP][PASSED] - tap(findTestObject("Object Repository/Simulasi Kredit 1/android.widget.CheckedTextView - Solitaire"), 0): Tapped on element 'Object Repository/Simulasi Kredit 1/android.widget.CheckedTextView - Solitaire'

2022-05-19 15:31:35 - [MESSAGE][WARNING] - Timeout '0' is invalid. Using default page load timeout: '30'

2022-05-19 15:31:37 - [MESSAGE][PASSED] - Tapped on element 'Object Repository/Simulasi Kredit 1/android.widget.CheckedTextView - Solitaire'

2022-05-19 15:31:37 - [TEST_STEP][PASSED] - tap(findTestObject("Object Repository/Simulasi Kredit 1/android.widget.Spinner (4)"), 0): Tapped on element 'Object Repository/Simulasi Kredit 1/android.widget.Spinner (4)'

2022-05-19 15:31:37 - [MESSAGE][WARNING] - Timeout '0' is invalid. Using default page load timeout: '30'

2022-05-19 15:31:38 - [MESSAGE][PASSED] - Tapped on element 'Object Repository/Simulasi Kredit 1/android.widget.Spinner (4)'

2022-05-19 15:31:38 - [TEST_STEP][PASSED] - tap(findTestObject("Object Repository/Simulasi Kredit 1/android.widget.CheckedTextView - Produktif"), 0): Tapped on element 'Object Repository/Simulasi Kredit 1/android.widget.CheckedTextView - Produktif'

2022-05-19 15:31:38 - [MESSAGE][WARNING] - Timeout '0' is invalid. Using default page load timeout: '30'

2022-05-19 15:31:40 - [MESSAGE][PASSED] - Tapped on element 'Object Repository/Simulasi Kredit 1/android.widget.CheckedTextView - Produktif'

2022-05-19 15:31:40 - [TEST_STEP][PASSED] - delay(2, STOP_ON_FAILURE): Delayed 2 second(s)

2022-05-19 15:31:42 - [MESSAGE][PASSED] - Delayed 2 second(s)

2022-05-19 15:31:42 - [TEST_STEP][PASSED] - takeScreenshotAsCheckpoint(baseDir + sspathkkbsk + "Simulasi Kredit 2" + ".png", STOP_ON_FAILURE): Screenshot is taken

2022-05-19 15:31:44 - [MESSAGE][INFO] - 0 hidden object(s)

2022-05-19 15:31:44 - [MESSAGE][PASSED] - Screenshot is taken
[[ATTACHMENT|C:\Users\Nia Yusniati\Git_Asa\KKBSK\Screenshoot\Marketer\keyes\keyes-Aplikasi BaruSimulasi Kredit 2.png]]

2022-05-19 15:31:44 - [TEST_STEP][PASSED] - tap(findTestObject("Object Repository/Simulasi Kredit 1/android.widget.Button - Lanjut"), 0): Tapped on element 'Object Repository/Simulasi Kredit 1/android.widget.Button - Lanjut'

2022-05-19 15:31:44 - [MESSAGE][WARNING] - Timeout '0' is invalid. Using default page load timeout: '30'

2022-05-19 15:31:45 - [MESSAGE][PASSED] - Tapped on element 'Object Repository/Simulasi Kredit 1/android.widget.Button - Lanjut'

2022-05-19 15:31:45 - [TEST_STEP][PASSED] - setText(findTestObject("Object Repository/Simulasi Kredit 1/android.widget.EditText (1)"), "500000000", 0): Text '500000000' has been set to element 'Object Repository/Simulasi Kredit 1/android.widget.EditText (1)'

2022-05-19 15:31:45 - [MESSAGE][WARNING] - Timeout '0' is invalid. Using default page load timeout: '30'

2022-05-19 15:31:48 - [MESSAGE][PASSED] - Text '500000000' has been set to element 'Object Repository/Simulasi Kredit 1/android.widget.EditText (1)'

2022-05-19 15:31:48 - [TEST_STEP][PASSED] - setText(findTestObject("Object Repository/Simulasi Kredit 1/android.widget.EditText (2)"), "30", 0): Text '30' has been set to element 'Object Repository/Simulasi Kredit 1/android.widget.EditText (2)'

2022-05-19 15:31:48 - [MESSAGE][WARNING] - Timeout '0' is invalid. Using default page load timeout: '30'

2022-05-19 15:31:50 - [MESSAGE][PASSED] - Text '30' has been set to element 'Object Repository/Simulasi Kredit 1/android.widget.EditText (2)'

2022-05-19 15:31:50 - [TEST_STEP][PASSED] - tap(findTestObject("Object Repository/Simulasi Kredit 1/android.widget.Spinner (5)"), 0): Tapped on element 'Object Repository/Simulasi Kredit 1/android.widget.Spinner (5)'

2022-05-19 15:31:50 - [MESSAGE][WARNING] - Timeout '0' is invalid. Using default page load timeout: '30'

2022-05-19 15:31:52 - [MESSAGE][PASSED] - Tapped on element 'Object Repository/Simulasi Kredit 1/android.widget.Spinner (5)'

2022-05-19 15:31:52 - [TEST_STEP][PASSED] - tap(findTestObject("Object Repository/Simulasi Kredit 1/android.widget.CheckedTextView - Passenger"), 0): Tapped on element 'Object Repository/Simulasi Kredit 1/android.widget.CheckedTextView - Passenger'

2022-05-19 15:31:52 - [MESSAGE][WARNING] - Timeout '0' is invalid. Using default page load timeout: '30'

2022-05-19 15:31:53 - [MESSAGE][PASSED] - Tapped on element 'Object Repository/Simulasi Kredit 1/android.widget.CheckedTextView - Passenger'

2022-05-19 15:31:53 - [TEST_STEP][PASSED] - tap(findTestObject("Object Repository/Simulasi Kredit 1/android.widget.Spinner (6)"), 0): Tapped on element 'Object Repository/Simulasi Kredit 1/android.widget.Spinner (6)'

2022-05-19 15:31:54 - [MESSAGE][WARNING] - Timeout '0' is invalid. Using default page load timeout: '30'

2022-05-19 15:31:55 - [MESSAGE][PASSED] - Tapped on element 'Object Repository/Simulasi Kredit 1/android.widget.Spinner (6)'

2022-05-19 15:31:55 - [TEST_STEP][PASSED] - tap(findTestObject("Object Repository/Simulasi Kredit 1/android.widget.CheckedTextView - Lain-lainnya"), 0): Tapped on element 'Object Repository/Simulasi Kredit 1/android.widget.CheckedTextView - Lain-lainnya'

2022-05-19 15:31:55 - [MESSAGE][WARNING] - Timeout '0' is invalid. Using default page load timeout: '30'

2022-05-19 15:31:57 - [MESSAGE][PASSED] - Tapped on element 'Object Repository/Simulasi Kredit 1/android.widget.CheckedTextView - Lain-lainnya'

2022-05-19 15:31:57 - [TEST_STEP][PASSED] - tap(findTestObject("Object Repository/Simulasi Kredit 1/android.widget.Spinner (7)"), 0): Tapped on element 'Object Repository/Simulasi Kredit 1/android.widget.Spinner (7)'

2022-05-19 15:31:57 - [MESSAGE][WARNING] - Timeout '0' is invalid. Using default page load timeout: '30'

2022-05-19 15:31:57 - [MESSAGE][PASSED] - Tapped on element 'Object Repository/Simulasi Kredit 1/android.widget.Spinner (7)'

2022-05-19 15:31:57 - [TEST_STEP][PASSED] - tap(findTestObject("Object Repository/Simulasi Kredit 1/android.widget.CheckedTextView - Comprehensive"), 0): Tapped on element 'Object Repository/Simulasi Kredit 1/android.widget.CheckedTextView - Comprehensive'

2022-05-19 15:31:58 - [MESSAGE][WARNING] - Timeout '0' is invalid. Using default page load timeout: '30'

2022-05-19 15:32:00 - [MESSAGE][PASSED] - Tapped on element 'Object Repository/Simulasi Kredit 1/android.widget.CheckedTextView - Comprehensive'

2022-05-19 15:32:00 - [TEST_STEP][PASSED] - delay(2, STOP_ON_FAILURE): Delayed 2 second(s)

2022-05-19 15:32:02 - [MESSAGE][PASSED] - Delayed 2 second(s)

2022-05-19 15:32:02 - [TEST_STEP][PASSED] - takeScreenshotAsCheckpoint(baseDir + sspathkkbsk + "Simulasi Kredit 3" + ".png", STOP_ON_FAILURE): Screenshot is taken

2022-05-19 15:32:03 - [MESSAGE][INFO] - 0 hidden object(s)

2022-05-19 15:32:04 - [MESSAGE][PASSED] - Screenshot is taken
[[ATTACHMENT|C:\Users\Nia Yusniati\Git_Asa\KKBSK\Screenshoot\Marketer\keyes\keyes-Aplikasi BaruSimulasi Kredit 3.png]]

2022-05-19 15:32:04 - [TEST_STEP][PASSED] - tap(findTestObject("Object Repository/Simulasi Kredit 1/android.widget.Button - Kalkulasi"), 0): Tapped on element 'Object Repository/Simulasi Kredit 1/android.widget.Button - Kalkulasi'

2022-05-19 15:32:04 - [MESSAGE][WARNING] - Timeout '0' is invalid. Using default page load timeout: '30'

2022-05-19 15:32:05 - [MESSAGE][PASSED] - Tapped on element 'Object Repository/Simulasi Kredit 1/android.widget.Button - Kalkulasi'

2022-05-19 15:32:05 - [TEST_STEP][PASSED] - delay(4, STOP_ON_FAILURE): Delayed 4 second(s)

2022-05-19 15:32:09 - [MESSAGE][PASSED] - Delayed 4 second(s)

2022-05-19 15:32:09 - [TEST_STEP][PASSED] - takeScreenshotAsCheckpoint(baseDir + sspathkkbsk + "Simulasi Kredit 4" + ".png", STOP_ON_FAILURE): Screenshot is taken

2022-05-19 15:32:11 - [MESSAGE][INFO] - 0 hidden object(s)

2022-05-19 15:32:11 - [MESSAGE][PASSED] - Screenshot is taken
[[ATTACHMENT|C:\Users\Nia Yusniati\Git_Asa\KKBSK\Screenshoot\Marketer\keyes\keyes-Aplikasi BaruSimulasi Kredit 4.png]]

2022-05-19 15:32:11 - [TEST_STEP][PASSED] - tap(findTestObject("Object Repository/Simulasi Kredit 1/android.widget.ImageButton"), 0): Tapped on element 'Object Repository/Simulasi Kredit 1/android.widget.ImageButton'

2022-05-19 15:32:11 - [MESSAGE][WARNING] - Timeout '0' is invalid. Using default page load timeout: '30'

2022-05-19 15:32:12 - [MESSAGE][PASSED] - Tapped on element 'Object Repository/Simulasi Kredit 1/android.widget.ImageButton'

2022-05-19 15:32:12 - [TEST_STEP][PASSED] - delay(4, STOP_ON_FAILURE): Delayed 4 second(s)

2022-05-19 15:32:16 - [MESSAGE][PASSED] - Delayed 4 second(s)

2022-05-19 15:32:16 - [TEST_STEP][PASSED] - takeScreenshotAsCheckpoint(baseDir + sspathkkbsk + "Simulasi Kredit 5" + ".png", STOP_ON_FAILURE): Screenshot is taken

2022-05-19 15:32:18 - [MESSAGE][INFO] - 0 hidden object(s)

2022-05-19 15:32:18 - [MESSAGE][PASSED] - Screenshot is taken
[[ATTACHMENT|C:\Users\Nia Yusniati\Git_Asa\KKBSK\Screenshoot\Marketer\keyes\keyes-Aplikasi BaruSimulasi Kredit 5.png]]

2022-05-19 15:32:18 - [TEST_STEP][PASSED] - tap(findTestObject("Object Repository/Simulasi Kredit 1/android.widget.Button - Apply Now"), 0): Tapped on element 'Object Repository/Simulasi Kredit 1/android.widget.Button - Apply Now'

2022-05-19 15:32:19 - [MESSAGE][WARNING] - Timeout '0' is invalid. Using default page load timeout: '30'

2022-05-19 15:32:19 - [MESSAGE][PASSED] - Tapped on element 'Object Repository/Simulasi Kredit 1/android.widget.Button - Apply Now'

2022-05-19 15:32:19 - [TEST_STEP][PASSED] - delay(1, STOP_ON_FAILURE): Delayed 1 second(s)

2022-05-19 15:32:20 - [MESSAGE][PASSED] - Delayed 1 second(s)

2022-05-19 15:32:20 - [TEST_STEP][PASSED] - takeScreenshotAsCheckpoint(baseDir + sspathkkbsk + "Simulasi Kredit 6" + ".png", STOP_ON_FAILURE): Screenshot is taken

2022-05-19 15:32:22 - [MESSAGE][INFO] - 0 hidden object(s)

2022-05-19 15:32:22 - [MESSAGE][PASSED] - Screenshot is taken
[[ATTACHMENT|C:\Users\Nia Yusniati\Git_Asa\KKBSK\Screenshoot\Marketer\keyes\keyes-Aplikasi BaruSimulasi Kredit 6.png]]

2022-05-19 15:32:22 - [TEST_STEP][PASSED] - closeApplication(): Close app successfully

2022-05-19 15:32:23 - [MESSAGE][PASSED] - Close app successfully]]></system-out>
         <system-err><![CDATA[]]></system-err>
      </testcase>
      <testcase name="Test Cases/Marketer/Simulasi Kredit Baru/3. Upload File" time="228.025" classname="Test Cases/Marketer/Simulasi Kredit Baru/3. Upload File" status="PASSED">
         <system-out><![CDATA[2022-05-19 15:32:23 - [TEST_CASE][PASSED] - Test Cases/Marketer/Simulasi Kredit Baru/3. Upload File: Test Cases/Marketer/Simulasi Kredit Baru/3. Upload File

2022-05-19 15:32:24 - [TEST_STEP][PASSED] - baseDir = System.getProperty("user.dir"): null

2022-05-19 15:32:24 - [TEST_STEP][PASSED] - startExistingApplication("bcaf.crm.kkb.saleskit"): Starting app with application ID: 'bcaf.crm.kkb.saleskit'

2022-05-19 15:32:26 - [MESSAGE][INFO] - Appium server started on port 63,687

2022-05-19 15:32:39 - [MESSAGE][PASSED] - Starting app with application ID: 'bcaf.crm.kkb.saleskit'

2022-05-19 15:32:39 - [TEST_STEP][PASSED] - delay(2, STOP_ON_FAILURE): Delayed 2 second(s)

2022-05-19 15:32:41 - [MESSAGE][PASSED] - Delayed 2 second(s)

2022-05-19 15:32:41 - [TEST_STEP][PASSED] - takeScreenshotAsCheckpoint(baseDir + sspathkkbsk + "Upload File 1" + ".png", STOP_ON_FAILURE): Screenshot is taken

2022-05-19 15:32:43 - [MESSAGE][INFO] - 0 hidden object(s)

2022-05-19 15:32:43 - [MESSAGE][PASSED] - Screenshot is taken
[[ATTACHMENT|C:\Users\Nia Yusniati\Git_Asa\KKBSK\Screenshoot\Marketer\keyes\keyes-Aplikasi BaruUpload File 1.png]]

2022-05-19 15:32:43 - [TEST_STEP][PASSED] - tap(findTestObject("Object Repository/Upload File/android.widget.ImageView"), 0): Tapped on element 'Object Repository/Upload File/android.widget.ImageView'

2022-05-19 15:32:43 - [MESSAGE][WARNING] - Timeout '0' is invalid. Using default page load timeout: '30'

2022-05-19 15:32:45 - [MESSAGE][PASSED] - Tapped on element 'Object Repository/Upload File/android.widget.ImageView'

2022-05-19 15:32:45 - [TEST_STEP][PASSED] - tap(findTestObject("Object Repository/Upload File/android.widget.Button - GALERI"), 0): Tapped on element 'Object Repository/Upload File/android.widget.Button - GALERI'

2022-05-19 15:32:45 - [MESSAGE][WARNING] - Timeout '0' is invalid. Using default page load timeout: '30'

2022-05-19 15:32:46 - [MESSAGE][PASSED] - Tapped on element 'Object Repository/Upload File/android.widget.Button - GALERI'

2022-05-19 15:32:46 - [TEST_STEP][PASSED] - scrollToText("Upload File"): Scrolling to text 'Upload File' successfully

2022-05-19 15:32:58 - [MESSAGE][PASSED] - Scrolling to text 'Upload File' successfully

2022-05-19 15:32:58 - [TEST_STEP][PASSED] - tap(findTestObject("Object Repository/Upload File/android.widget.ImageView (1)"), 0): Tapped on element 'Object Repository/Upload File/android.widget.ImageView (1)'

2022-05-19 15:32:58 - [MESSAGE][WARNING] - Timeout '0' is invalid. Using default page load timeout: '30'

2022-05-19 15:32:59 - [MESSAGE][PASSED] - Tapped on element 'Object Repository/Upload File/android.widget.ImageView (1)'

2022-05-19 15:32:59 - [TEST_STEP][PASSED] - tap(findTestObject("Upload File/android.widget.FrameLayout 1 - KTP"), 0): Tapped on element 'Object Repository/Upload File/android.widget.FrameLayout 1 - KTP'

2022-05-19 15:33:00 - [MESSAGE][WARNING] - Timeout '0' is invalid. Using default page load timeout: '30'

2022-05-19 15:33:01 - [MESSAGE][PASSED] - Tapped on element 'Object Repository/Upload File/android.widget.FrameLayout 1 - KTP'

2022-05-19 15:33:01 - [TEST_STEP][PASSED] - tap(findTestObject("Object Repository/Upload File/android.widget.ImageView (2)"), 0): Tapped on element 'Object Repository/Upload File/android.widget.ImageView (2)'

2022-05-19 15:33:01 - [MESSAGE][WARNING] - Timeout '0' is invalid. Using default page load timeout: '30'

2022-05-19 15:33:03 - [MESSAGE][PASSED] - Tapped on element 'Object Repository/Upload File/android.widget.ImageView (2)'

2022-05-19 15:33:03 - [TEST_STEP][PASSED] - tap(findTestObject("Upload File/android.widget.Button - GALERI"), 0): Tapped on element 'Object Repository/Upload File/android.widget.Button - GALERI'

2022-05-19 15:33:03 - [MESSAGE][WARNING] - Timeout '0' is invalid. Using default page load timeout: '30'

2022-05-19 15:33:04 - [MESSAGE][PASSED] - Tapped on element 'Object Repository/Upload File/android.widget.Button - GALERI'

2022-05-19 15:33:04 - [TEST_STEP][PASSED] - scrollToText("Upload File"): Scrolling to text 'Upload File' successfully

2022-05-19 15:33:16 - [MESSAGE][PASSED] - Scrolling to text 'Upload File' successfully

2022-05-19 15:33:16 - [TEST_STEP][PASSED] - tap(findTestObject("Object Repository/Upload File/android.widget.ImageView (3)"), 0): Tapped on element 'Object Repository/Upload File/android.widget.ImageView (3)'

2022-05-19 15:33:16 - [MESSAGE][WARNING] - Timeout '0' is invalid. Using default page load timeout: '30'

2022-05-19 15:33:17 - [MESSAGE][PASSED] - Tapped on element 'Object Repository/Upload File/android.widget.ImageView (3)'

2022-05-19 15:33:17 - [TEST_STEP][PASSED] - tap(findTestObject("Upload File/android.widget.FrameLayout 2 - KTP Pasangan"), 0): Tapped on element 'Object Repository/Upload File/android.widget.FrameLayout 2 - KTP Pasangan'

2022-05-19 15:33:17 - [MESSAGE][WARNING] - Timeout '0' is invalid. Using default page load timeout: '30'

2022-05-19 15:33:18 - [MESSAGE][PASSED] - Tapped on element 'Object Repository/Upload File/android.widget.FrameLayout 2 - KTP Pasangan'

2022-05-19 15:33:18 - [TEST_STEP][PASSED] - delay(2, STOP_ON_FAILURE): Delayed 2 second(s)

2022-05-19 15:33:20 - [MESSAGE][PASSED] - Delayed 2 second(s)

2022-05-19 15:33:20 - [TEST_STEP][PASSED] - takeScreenshotAsCheckpoint(baseDir + sspathkkbsk + "Upload File 2" + ".png", STOP_ON_FAILURE): Screenshot is taken

2022-05-19 15:33:24 - [MESSAGE][INFO] - 0 hidden object(s)

2022-05-19 15:33:25 - [MESSAGE][PASSED] - Screenshot is taken
[[ATTACHMENT|C:\Users\Nia Yusniati\Git_Asa\KKBSK\Screenshoot\Marketer\keyes\keyes-Aplikasi BaruUpload File 2.png]]

2022-05-19 15:33:25 - [TEST_STEP][PASSED] - scrollToText("NPWP"): Scrolling to text 'NPWP' successfully

2022-05-19 15:33:29 - [MESSAGE][PASSED] - Scrolling to text 'NPWP' successfully

2022-05-19 15:33:29 - [TEST_STEP][PASSED] - tap(findTestObject("Object Repository/Upload File/android.widget.ImageView (4)"), 0): Tapped on element 'Object Repository/Upload File/android.widget.ImageView (4)'

2022-05-19 15:33:29 - [MESSAGE][WARNING] - Timeout '0' is invalid. Using default page load timeout: '30'

2022-05-19 15:33:30 - [MESSAGE][PASSED] - Tapped on element 'Object Repository/Upload File/android.widget.ImageView (4)'

2022-05-19 15:33:30 - [TEST_STEP][PASSED] - tap(findTestObject("Upload File/android.widget.Button - GALERI"), 0): Tapped on element 'Object Repository/Upload File/android.widget.Button - GALERI'

2022-05-19 15:33:30 - [MESSAGE][WARNING] - Timeout '0' is invalid. Using default page load timeout: '30'

2022-05-19 15:33:31 - [MESSAGE][PASSED] - Tapped on element 'Object Repository/Upload File/android.widget.Button - GALERI'

2022-05-19 15:33:31 - [TEST_STEP][PASSED] - scrollToText("Upload File"): Scrolling to text 'Upload File' successfully

2022-05-19 15:33:43 - [MESSAGE][PASSED] - Scrolling to text 'Upload File' successfully

2022-05-19 15:33:43 - [TEST_STEP][PASSED] - tap(findTestObject("Object Repository/Upload File/android.widget.ImageView (5)"), 0): Tapped on element 'Object Repository/Upload File/android.widget.ImageView (5)'

2022-05-19 15:33:43 - [MESSAGE][WARNING] - Timeout '0' is invalid. Using default page load timeout: '30'

2022-05-19 15:33:44 - [MESSAGE][PASSED] - Tapped on element 'Object Repository/Upload File/android.widget.ImageView (5)'

2022-05-19 15:33:44 - [TEST_STEP][PASSED] - tap(findTestObject("Upload File/android.widget.FrameLayout 3 KK"), 0): Tapped on element 'Object Repository/Upload File/android.widget.FrameLayout 3 KK'

2022-05-19 15:33:44 - [MESSAGE][WARNING] - Timeout '0' is invalid. Using default page load timeout: '30'

2022-05-19 15:33:45 - [MESSAGE][PASSED] - Tapped on element 'Object Repository/Upload File/android.widget.FrameLayout 3 KK'

2022-05-19 15:33:45 - [TEST_STEP][PASSED] - tap(findTestObject("Object Repository/Upload File/android.view.ViewGroup"), 0): Tapped on element 'Object Repository/Upload File/android.view.ViewGroup'

2022-05-19 15:33:46 - [MESSAGE][WARNING] - Timeout '0' is invalid. Using default page load timeout: '30'

2022-05-19 15:33:47 - [MESSAGE][PASSED] - Tapped on element 'Object Repository/Upload File/android.view.ViewGroup'

2022-05-19 15:33:47 - [TEST_STEP][PASSED] - tap(findTestObject("Upload File/android.widget.Button - GALERI"), 0): Tapped on element 'Object Repository/Upload File/android.widget.Button - GALERI'

2022-05-19 15:33:47 - [MESSAGE][WARNING] - Timeout '0' is invalid. Using default page load timeout: '30'

2022-05-19 15:33:48 - [MESSAGE][PASSED] - Tapped on element 'Object Repository/Upload File/android.widget.Button - GALERI'

2022-05-19 15:33:48 - [TEST_STEP][PASSED] - scrollToText("Upload File"): Scrolling to text 'Upload File' successfully

2022-05-19 15:34:00 - [MESSAGE][PASSED] - Scrolling to text 'Upload File' successfully

2022-05-19 15:34:00 - [TEST_STEP][PASSED] - tap(findTestObject("Object Repository/Upload File/android.widget.ImageView (6)"), 0): Tapped on element 'Object Repository/Upload File/android.widget.ImageView (6)'

2022-05-19 15:34:00 - [MESSAGE][WARNING] - Timeout '0' is invalid. Using default page load timeout: '30'

2022-05-19 15:34:00 - [MESSAGE][PASSED] - Tapped on element 'Object Repository/Upload File/android.widget.ImageView (6)'

2022-05-19 15:34:00 - [TEST_STEP][PASSED] - tap(findTestObject("Upload File/android.widget.FrameLayout 4 - NPWP"), 0): Tapped on element 'Object Repository/Upload File/android.widget.FrameLayout 4 - NPWP'

2022-05-19 15:34:01 - [MESSAGE][WARNING] - Timeout '0' is invalid. Using default page load timeout: '30'

2022-05-19 15:34:02 - [MESSAGE][PASSED] - Tapped on element 'Object Repository/Upload File/android.widget.FrameLayout 4 - NPWP'

2022-05-19 15:34:02 - [TEST_STEP][PASSED] - delay(2, STOP_ON_FAILURE): Delayed 2 second(s)

2022-05-19 15:34:04 - [MESSAGE][PASSED] - Delayed 2 second(s)

2022-05-19 15:34:04 - [TEST_STEP][PASSED] - takeScreenshotAsCheckpoint(baseDir + sspathkkbsk + "Upload File 3" + ".png", STOP_ON_FAILURE): Screenshot is taken

2022-05-19 15:34:08 - [MESSAGE][INFO] - 0 hidden object(s)

2022-05-19 15:34:09 - [MESSAGE][PASSED] - Screenshot is taken
[[ATTACHMENT|C:\Users\Nia Yusniati\Git_Asa\KKBSK\Screenshoot\Marketer\keyes\keyes-Aplikasi BaruUpload File 3.png]]

2022-05-19 15:34:09 - [TEST_STEP][PASSED] - scrollToText("Bukti Rumah"): Scrolling to text 'Bukti Rumah' successfully

2022-05-19 15:34:16 - [MESSAGE][PASSED] - Scrolling to text 'Bukti Rumah' successfully

2022-05-19 15:34:16 - [TEST_STEP][PASSED] - tap(findTestObject("Object Repository/Upload File/android.widget.ImageView (7)"), 0): Tapped on element 'Object Repository/Upload File/android.widget.ImageView (7)'

2022-05-19 15:34:16 - [MESSAGE][WARNING] - Timeout '0' is invalid. Using default page load timeout: '30'

2022-05-19 15:34:17 - [MESSAGE][PASSED] - Tapped on element 'Object Repository/Upload File/android.widget.ImageView (7)'

2022-05-19 15:34:17 - [TEST_STEP][PASSED] - tap(findTestObject("Upload File/android.widget.Button - GALERI"), 0): Tapped on element 'Object Repository/Upload File/android.widget.Button - GALERI'

2022-05-19 15:34:17 - [MESSAGE][WARNING] - Timeout '0' is invalid. Using default page load timeout: '30'

2022-05-19 15:34:20 - [MESSAGE][PASSED] - Tapped on element 'Object Repository/Upload File/android.widget.Button - GALERI'

2022-05-19 15:34:20 - [TEST_STEP][PASSED] - scrollToText("Upload File"): Scrolling to text 'Upload File' successfully

2022-05-19 15:34:31 - [MESSAGE][PASSED] - Scrolling to text 'Upload File' successfully

2022-05-19 15:34:31 - [TEST_STEP][PASSED] - tap(findTestObject("Object Repository/Upload File/android.widget.ImageView (8)"), 0): Tapped on element 'Object Repository/Upload File/android.widget.ImageView (8)'

2022-05-19 15:34:31 - [MESSAGE][WARNING] - Timeout '0' is invalid. Using default page load timeout: '30'

2022-05-19 15:34:32 - [MESSAGE][PASSED] - Tapped on element 'Object Repository/Upload File/android.widget.ImageView (8)'

2022-05-19 15:34:32 - [TEST_STEP][PASSED] - tap(findTestObject("Upload File/android.widget.FrameLayout 5 - Slip Gaji"), 0): Tapped on element 'Object Repository/Upload File/android.widget.FrameLayout 5 - Slip Gaji'

2022-05-19 15:34:32 - [MESSAGE][WARNING] - Timeout '0' is invalid. Using default page load timeout: '30'

2022-05-19 15:34:33 - [MESSAGE][PASSED] - Tapped on element 'Object Repository/Upload File/android.widget.FrameLayout 5 - Slip Gaji'

2022-05-19 15:34:33 - [TEST_STEP][PASSED] - tap(findTestObject("Object Repository/Upload File/android.widget.ImageView (9)"), 0): Tapped on element 'Object Repository/Upload File/android.widget.ImageView (9)'

2022-05-19 15:34:33 - [MESSAGE][WARNING] - Timeout '0' is invalid. Using default page load timeout: '30'

2022-05-19 15:34:35 - [MESSAGE][PASSED] - Tapped on element 'Object Repository/Upload File/android.widget.ImageView (9)'

2022-05-19 15:34:35 - [TEST_STEP][PASSED] - tap(findTestObject("Upload File/android.widget.Button - GALERI"), 0): Tapped on element 'Object Repository/Upload File/android.widget.Button - GALERI'

2022-05-19 15:34:35 - [MESSAGE][WARNING] - Timeout '0' is invalid. Using default page load timeout: '30'

2022-05-19 15:34:36 - [MESSAGE][PASSED] - Tapped on element 'Object Repository/Upload File/android.widget.Button - GALERI'

2022-05-19 15:34:36 - [TEST_STEP][PASSED] - scrollToText("Upload File"): Scrolling to text 'Upload File' successfully

2022-05-19 15:34:47 - [MESSAGE][PASSED] - Scrolling to text 'Upload File' successfully

2022-05-19 15:34:48 - [TEST_STEP][PASSED] - tap(findTestObject("Object Repository/Upload File/android.widget.ImageView (10)"), 0): Tapped on element 'Object Repository/Upload File/android.widget.ImageView (10)'

2022-05-19 15:34:48 - [MESSAGE][WARNING] - Timeout '0' is invalid. Using default page load timeout: '30'

2022-05-19 15:34:48 - [MESSAGE][PASSED] - Tapped on element 'Object Repository/Upload File/android.widget.ImageView (10)'

2022-05-19 15:34:48 - [TEST_STEP][PASSED] - tap(findTestObject("Upload File/android.widget.FrameLayout 6 - Rumah"), 0): Tapped on element 'Object Repository/Upload File/android.widget.FrameLayout 6 - Rumah'

2022-05-19 15:34:48 - [MESSAGE][WARNING] - Timeout '0' is invalid. Using default page load timeout: '30'

2022-05-19 15:34:49 - [MESSAGE][PASSED] - Tapped on element 'Object Repository/Upload File/android.widget.FrameLayout 6 - Rumah'

2022-05-19 15:34:49 - [TEST_STEP][PASSED] - delay(2, STOP_ON_FAILURE): Delayed 2 second(s)

2022-05-19 15:34:52 - [MESSAGE][PASSED] - Delayed 2 second(s)

2022-05-19 15:34:52 - [TEST_STEP][PASSED] - takeScreenshotAsCheckpoint(baseDir + sspathkkbsk + "Upload File 4" + ".png", STOP_ON_FAILURE): Screenshot is taken

2022-05-19 15:34:54 - [MESSAGE][INFO] - 0 hidden object(s)

2022-05-19 15:34:55 - [MESSAGE][PASSED] - Screenshot is taken
[[ATTACHMENT|C:\Users\Nia Yusniati\Git_Asa\KKBSK\Screenshoot\Marketer\keyes\keyes-Aplikasi BaruUpload File 4.png]]

2022-05-19 15:34:55 - [TEST_STEP][PASSED] - scrollToText("BPKB"): Scrolling to text 'BPKB' successfully

2022-05-19 15:35:08 - [MESSAGE][PASSED] - Scrolling to text 'BPKB' successfully

2022-05-19 15:35:08 - [TEST_STEP][PASSED] - tap(findTestObject("Object Repository/Upload File/android.widget.ImageView (11)"), 0): Tapped on element 'Object Repository/Upload File/android.widget.ImageView (11)'

2022-05-19 15:35:08 - [MESSAGE][WARNING] - Timeout '0' is invalid. Using default page load timeout: '30'

2022-05-19 15:35:09 - [MESSAGE][PASSED] - Tapped on element 'Object Repository/Upload File/android.widget.ImageView (11)'

2022-05-19 15:35:09 - [TEST_STEP][PASSED] - tap(findTestObject("Upload File/android.widget.Button - GALERI"), 0): Tapped on element 'Object Repository/Upload File/android.widget.Button - GALERI'

2022-05-19 15:35:09 - [MESSAGE][WARNING] - Timeout '0' is invalid. Using default page load timeout: '30'

2022-05-19 15:35:10 - [MESSAGE][PASSED] - Tapped on element 'Object Repository/Upload File/android.widget.Button - GALERI'

2022-05-19 15:35:10 - [TEST_STEP][PASSED] - scrollToText("Upload File"): Scrolling to text 'Upload File' successfully

2022-05-19 15:35:22 - [MESSAGE][PASSED] - Scrolling to text 'Upload File' successfully

2022-05-19 15:35:22 - [TEST_STEP][PASSED] - tap(findTestObject("Object Repository/Upload File/android.widget.ImageView (12)"), 0): Tapped on element 'Object Repository/Upload File/android.widget.ImageView (12)'

2022-05-19 15:35:22 - [MESSAGE][WARNING] - Timeout '0' is invalid. Using default page load timeout: '30'

2022-05-19 15:35:23 - [MESSAGE][PASSED] - Tapped on element 'Object Repository/Upload File/android.widget.ImageView (12)'

2022-05-19 15:35:23 - [TEST_STEP][PASSED] - tap(findTestObject("Upload File/android.widget.FrameLayout 7 - Buku Tabungan"), 0): Tapped on element 'Object Repository/Upload File/android.widget.FrameLayout 7 - Buku Tabungan'

2022-05-19 15:35:23 - [MESSAGE][WARNING] - Timeout '0' is invalid. Using default page load timeout: '30'

2022-05-19 15:35:24 - [MESSAGE][PASSED] - Tapped on element 'Object Repository/Upload File/android.widget.FrameLayout 7 - Buku Tabungan'

2022-05-19 15:35:24 - [TEST_STEP][PASSED] - delay(2, STOP_ON_FAILURE): Delayed 2 second(s)

2022-05-19 15:35:26 - [MESSAGE][PASSED] - Delayed 2 second(s)

2022-05-19 15:35:26 - [TEST_STEP][PASSED] - takeScreenshotAsCheckpoint(baseDir + sspathkkbsk + "Upload File 5" + ".png", STOP_ON_FAILURE): Screenshot is taken

2022-05-19 15:35:29 - [MESSAGE][INFO] - 0 hidden object(s)

2022-05-19 15:35:29 - [MESSAGE][PASSED] - Screenshot is taken
[[ATTACHMENT|C:\Users\Nia Yusniati\Git_Asa\KKBSK\Screenshoot\Marketer\keyes\keyes-Aplikasi BaruUpload File 5.png]]

2022-05-19 15:35:29 - [TEST_STEP][PASSED] - scrollToText("Lanjut"): Scrolling to text 'Lanjut' successfully

2022-05-19 15:35:49 - [MESSAGE][PASSED] - Scrolling to text 'Lanjut' successfully

2022-05-19 15:35:49 - [TEST_STEP][PASSED] - tap(findTestObject("Object Repository/Upload File/android.widget.ImageView (13)"), 0): Tapped on element 'Object Repository/Upload File/android.widget.ImageView (13)'

2022-05-19 15:35:49 - [MESSAGE][WARNING] - Timeout '0' is invalid. Using default page load timeout: '30'

2022-05-19 15:35:49 - [MESSAGE][PASSED] - Tapped on element 'Object Repository/Upload File/android.widget.ImageView (13)'

2022-05-19 15:35:49 - [TEST_STEP][PASSED] - tap(findTestObject("Upload File/android.widget.Button - GALERI"), 0): Tapped on element 'Object Repository/Upload File/android.widget.Button - GALERI'

2022-05-19 15:35:49 - [MESSAGE][WARNING] - Timeout '0' is invalid. Using default page load timeout: '30'

2022-05-19 15:35:50 - [MESSAGE][PASSED] - Tapped on element 'Object Repository/Upload File/android.widget.Button - GALERI'

2022-05-19 15:35:50 - [TEST_STEP][PASSED] - scrollToText("Upload File"): Scrolling to text 'Upload File' successfully

2022-05-19 15:36:02 - [MESSAGE][PASSED] - Scrolling to text 'Upload File' successfully

2022-05-19 15:36:02 - [TEST_STEP][PASSED] - tap(findTestObject("Object Repository/Upload File/android.widget.ImageView (14)"), 0): Tapped on element 'Object Repository/Upload File/android.widget.ImageView (14)'

2022-05-19 15:36:02 - [MESSAGE][WARNING] - Timeout '0' is invalid. Using default page load timeout: '30'

2022-05-19 15:36:03 - [MESSAGE][PASSED] - Tapped on element 'Object Repository/Upload File/android.widget.ImageView (14)'

2022-05-19 15:36:03 - [TEST_STEP][PASSED] - tap(findTestObject("Upload File/android.widget.FrameLayout 8 - BPKB"), 0): Tapped on element 'Object Repository/Upload File/android.widget.FrameLayout 8 - BPKB'

2022-05-19 15:36:03 - [MESSAGE][WARNING] - Timeout '0' is invalid. Using default page load timeout: '30'

2022-05-19 15:36:04 - [MESSAGE][PASSED] - Tapped on element 'Object Repository/Upload File/android.widget.FrameLayout 8 - BPKB'

2022-05-19 15:36:04 - [TEST_STEP][PASSED] - delay(2, STOP_ON_FAILURE): Delayed 2 second(s)

2022-05-19 15:36:06 - [MESSAGE][PASSED] - Delayed 2 second(s)

2022-05-19 15:36:06 - [TEST_STEP][PASSED] - takeScreenshotAsCheckpoint(baseDir + sspathkkbsk + "Upload File 6" + ".png", STOP_ON_FAILURE): Screenshot is taken

2022-05-19 15:36:09 - [MESSAGE][INFO] - 0 hidden object(s)

2022-05-19 15:36:10 - [MESSAGE][PASSED] - Screenshot is taken
[[ATTACHMENT|C:\Users\Nia Yusniati\Git_Asa\KKBSK\Screenshoot\Marketer\keyes\keyes-Aplikasi BaruUpload File 6.png]]

2022-05-19 15:36:10 - [TEST_STEP][PASSED] - tap(findTestObject("Object Repository/Upload File/android.widget.Button - Lanjut"), 0): Tapped on element 'Object Repository/Upload File/android.widget.Button - Lanjut'

2022-05-19 15:36:10 - [MESSAGE][WARNING] - Timeout '0' is invalid. Using default page load timeout: '30'

2022-05-19 15:36:10 - [MESSAGE][PASSED] - Tapped on element 'Object Repository/Upload File/android.widget.Button - Lanjut'

2022-05-19 15:36:10 - [TEST_STEP][PASSED] - closeApplication(): Close app successfully

2022-05-19 15:36:11 - [MESSAGE][PASSED] - Close app successfully]]></system-out>
         <system-err><![CDATA[]]></system-err>
      </testcase>
      <testcase name="Test Cases/Marketer/Simulasi Kredit Baru/4. Data Konsumen" time="61.615" classname="Test Cases/Marketer/Simulasi Kredit Baru/4. Data Konsumen" status="PASSED">
         <system-out><![CDATA[2022-05-19 15:36:11 - [TEST_CASE][PASSED] - Test Cases/Marketer/Simulasi Kredit Baru/4. Data Konsumen: Test Cases/Marketer/Simulasi Kredit Baru/4. Data Konsumen

2022-05-19 15:36:12 - [TEST_STEP][PASSED] - baseDir = System.getProperty("user.dir"): null

2022-05-19 15:36:12 - [TEST_STEP][PASSED] - startExistingApplication("bcaf.crm.kkb.saleskit"): Starting app with application ID: 'bcaf.crm.kkb.saleskit'

2022-05-19 15:36:15 - [MESSAGE][INFO] - Appium server started on port 56,034

2022-05-19 15:36:27 - [MESSAGE][PASSED] - Starting app with application ID: 'bcaf.crm.kkb.saleskit'

2022-05-19 15:36:27 - [TEST_STEP][PASSED] - delay(2, STOP_ON_FAILURE): Delayed 2 second(s)

2022-05-19 15:36:30 - [MESSAGE][PASSED] - Delayed 2 second(s)

2022-05-19 15:36:30 - [TEST_STEP][PASSED] - takeScreenshotAsCheckpoint(baseDir + sspathkkbsk + "Data Konsumen 1" + ".png", STOP_ON_FAILURE): Screenshot is taken

2022-05-19 15:36:31 - [MESSAGE][INFO] - 0 hidden object(s)

2022-05-19 15:36:32 - [MESSAGE][PASSED] - Screenshot is taken
[[ATTACHMENT|C:\Users\Nia Yusniati\Git_Asa\KKBSK\Screenshoot\Marketer\keyes\keyes-Aplikasi BaruData Konsumen 1.png]]

2022-05-19 15:36:32 - [TEST_STEP][PASSED] - setText(findTestObject("Object Repository/Data Konsumen/android.widget.EditText"), "3201241107690002", 0): Text '3201241107690002' has been set to element 'Object Repository/Data Konsumen/android.widget.EditText'

2022-05-19 15:36:32 - [MESSAGE][WARNING] - Timeout '0' is invalid. Using default page load timeout: '30'

2022-05-19 15:36:33 - [MESSAGE][PASSED] - Text '3201241107690002' has been set to element 'Object Repository/Data Konsumen/android.widget.EditText'

2022-05-19 15:36:33 - [TEST_STEP][PASSED] - setText(findTestObject("Object Repository/Data Konsumen/android.widget.EditText (1)"), "LUKMAN WIJAYA", 0): Text 'LUKMAN WIJAYA' has been set to element 'Object Repository/Data Konsumen/android.widget.EditText (1)'

2022-05-19 15:36:33 - [MESSAGE][WARNING] - Timeout '0' is invalid. Using default page load timeout: '30'

2022-05-19 15:36:35 - [MESSAGE][PASSED] - Text 'LUKMAN WIJAYA' has been set to element 'Object Repository/Data Konsumen/android.widget.EditText (1)'

2022-05-19 15:36:35 - [TEST_STEP][PASSED] - setText(findTestObject("Object Repository/Data Konsumen/android.widget.EditText (2)"), "13-03-1989", 0): Text '13-03-1989' has been set to element 'Object Repository/Data Konsumen/android.widget.EditText (2)'

2022-05-19 15:36:35 - [MESSAGE][WARNING] - Timeout '0' is invalid. Using default page load timeout: '30'

2022-05-19 15:36:36 - [MESSAGE][PASSED] - Text '13-03-1989' has been set to element 'Object Repository/Data Konsumen/android.widget.EditText (2)'

2022-05-19 15:36:36 - [TEST_STEP][PASSED] - setText(findTestObject("Object Repository/Data Konsumen/android.widget.EditText (3)"), "JL. RAYA CISEENG NO.12 BLOK A", 0): Text 'JL. RAYA CISEENG NO.12 BLOK A' has been set to element 'Object Repository/Data Konsumen/android.widget.EditText (3)'

2022-05-19 15:36:37 - [MESSAGE][WARNING] - Timeout '0' is invalid. Using default page load timeout: '30'

2022-05-19 15:36:38 - [MESSAGE][PASSED] - Text 'JL. RAYA CISEENG NO.12 BLOK A' has been set to element 'Object Repository/Data Konsumen/android.widget.EditText (3)'

2022-05-19 15:36:38 - [TEST_STEP][PASSED] - setText(findTestObject("Object Repository/Data Konsumen/android.widget.EditText (4)"), "JAWA BARAT", 0): Text 'JAWA BARAT' has been set to element 'Object Repository/Data Konsumen/android.widget.EditText (4)'

2022-05-19 15:36:38 - [MESSAGE][WARNING] - Timeout '0' is invalid. Using default page load timeout: '30'

2022-05-19 15:36:39 - [MESSAGE][PASSED] - Text 'JAWA BARAT' has been set to element 'Object Repository/Data Konsumen/android.widget.EditText (4)'

2022-05-19 15:36:39 - [TEST_STEP][PASSED] - setText(findTestObject("Object Repository/Data Konsumen/android.widget.EditText (5)"), "BOGOR", 0): Text 'BOGOR' has been set to element 'Object Repository/Data Konsumen/android.widget.EditText (5)'

2022-05-19 15:36:39 - [MESSAGE][WARNING] - Timeout '0' is invalid. Using default page load timeout: '30'

2022-05-19 15:36:41 - [MESSAGE][PASSED] - Text 'BOGOR' has been set to element 'Object Repository/Data Konsumen/android.widget.EditText (5)'

2022-05-19 15:36:41 - [TEST_STEP][PASSED] - setText(findTestObject("Object Repository/Data Konsumen/android.widget.EditText (6)"), "CISEENG", 0): Text 'CISEENG' has been set to element 'Object Repository/Data Konsumen/android.widget.EditText (6)'

2022-05-19 15:36:41 - [MESSAGE][WARNING] - Timeout '0' is invalid. Using default page load timeout: '30'

2022-05-19 15:36:42 - [MESSAGE][PASSED] - Text 'CISEENG' has been set to element 'Object Repository/Data Konsumen/android.widget.EditText (6)'

2022-05-19 15:36:42 - [TEST_STEP][PASSED] - delay(2, STOP_ON_FAILURE): Delayed 2 second(s)

2022-05-19 15:36:44 - [MESSAGE][PASSED] - Delayed 2 second(s)

2022-05-19 15:36:44 - [TEST_STEP][PASSED] - takeScreenshotAsCheckpoint(baseDir + sspathkkbsk + "Data Konsumen 2" + ".png", STOP_ON_FAILURE): Screenshot is taken

2022-05-19 15:36:46 - [MESSAGE][INFO] - 0 hidden object(s)

2022-05-19 15:36:47 - [MESSAGE][PASSED] - Screenshot is taken
[[ATTACHMENT|C:\Users\Nia Yusniati\Git_Asa\KKBSK\Screenshoot\Marketer\keyes\keyes-Aplikasi BaruData Konsumen 2.png]]

2022-05-19 15:36:47 - [TEST_STEP][PASSED] - scrollToText("Lanjut"): Scrolling to text 'Lanjut' successfully

2022-05-19 15:36:51 - [MESSAGE][PASSED] - Scrolling to text 'Lanjut' successfully

2022-05-19 15:36:51 - [TEST_STEP][PASSED] - setText(findTestObject("Object Repository/Data Konsumen/android.widget.EditText (7)"), "16660", 0): Text '16660' has been set to element 'Object Repository/Data Konsumen/android.widget.EditText (7)'

2022-05-19 15:36:52 - [MESSAGE][WARNING] - Timeout '0' is invalid. Using default page load timeout: '30'

2022-05-19 15:36:53 - [MESSAGE][PASSED] - Text '16660' has been set to element 'Object Repository/Data Konsumen/android.widget.EditText (7)'

2022-05-19 15:36:53 - [TEST_STEP][PASSED] - setText(findTestObject("Object Repository/Data Konsumen/android.widget.EditText (8)"), "081283490030", 0): Text '081283490030' has been set to element 'Object Repository/Data Konsumen/android.widget.EditText (8)'

2022-05-19 15:36:53 - [MESSAGE][WARNING] - Timeout '0' is invalid. Using default page load timeout: '30'

2022-05-19 15:36:54 - [MESSAGE][PASSED] - Text '081283490030' has been set to element 'Object Repository/Data Konsumen/android.widget.EditText (8)'

2022-05-19 15:36:54 - [TEST_STEP][PASSED] - setText(findTestObject("Object Repository/Data Konsumen/android.widget.EditText (9)"), "lukman.wijaya@gmail.com", 0): Text 'lukman.wijaya@gmail.com' has been set to element 'Object Repository/Data Konsumen/android.widget.EditText (9)'

2022-05-19 15:36:54 - [MESSAGE][WARNING] - Timeout '0' is invalid. Using default page load timeout: '30'

2022-05-19 15:36:56 - [MESSAGE][PASSED] - Text 'lukman.wijaya@gmail.com' has been set to element 'Object Repository/Data Konsumen/android.widget.EditText (9)'

2022-05-19 15:36:56 - [TEST_STEP][PASSED] - setText(findTestObject("Object Repository/Data Konsumen/android.widget.EditText (10)"), "0880562167", 0): Text '0880562167' has been set to element 'Object Repository/Data Konsumen/android.widget.EditText (10)'

2022-05-19 15:36:56 - [MESSAGE][WARNING] - Timeout '0' is invalid. Using default page load timeout: '30'

2022-05-19 15:36:58 - [MESSAGE][PASSED] - Text '0880562167' has been set to element 'Object Repository/Data Konsumen/android.widget.EditText (10)'

2022-05-19 15:36:58 - [TEST_STEP][PASSED] - setText(findTestObject("Object Repository/Data Konsumen/android.widget.EditText (11)"), "Testing 1", 0): Text 'Testing 1' has been set to element 'Object Repository/Data Konsumen/android.widget.EditText (11)'

2022-05-19 15:36:58 - [MESSAGE][WARNING] - Timeout '0' is invalid. Using default page load timeout: '30'

2022-05-19 15:37:00 - [MESSAGE][PASSED] - Text 'Testing 1' has been set to element 'Object Repository/Data Konsumen/android.widget.EditText (11)'

2022-05-19 15:37:00 - [TEST_STEP][PASSED] - tap(findTestObject("Object Repository/Data Konsumen/android.widget.Button - Lanjut"), 0): Tapped on element 'Object Repository/Data Konsumen/android.widget.Button - Lanjut'

2022-05-19 15:37:00 - [MESSAGE][WARNING] - Timeout '0' is invalid. Using default page load timeout: '30'

2022-05-19 15:37:02 - [MESSAGE][PASSED] - Tapped on element 'Object Repository/Data Konsumen/android.widget.Button - Lanjut'

2022-05-19 15:37:02 - [TEST_STEP][PASSED] - setText(findTestObject("Data Konsumen/android.widget.EditText - Nik Pasangan"), "3175070101909999", 0): Text '3175070101909999' has been set to element 'Object Repository/Data Konsumen/android.widget.EditText - Nik Pasangan'

2022-05-19 15:37:02 - [MESSAGE][WARNING] - Timeout '0' is invalid. Using default page load timeout: '30'

2022-05-19 15:37:03 - [MESSAGE][PASSED] - Text '3175070101909999' has been set to element 'Object Repository/Data Konsumen/android.widget.EditText - Nik Pasangan'

2022-05-19 15:37:03 - [TEST_STEP][PASSED] - setText(findTestObject("Object Repository/Data Konsumen/android.widget.EditText (13)"), "BILLY BUMBLEBEE SIFULAN", 0): Text 'BILLY BUMBLEBEE SIFULAN' has been set to element 'Object Repository/Data Konsumen/android.widget.EditText (13)'

2022-05-19 15:37:03 - [MESSAGE][WARNING] - Timeout '0' is invalid. Using default page load timeout: '30'

2022-05-19 15:37:04 - [MESSAGE][PASSED] - Text 'BILLY BUMBLEBEE SIFULAN' has been set to element 'Object Repository/Data Konsumen/android.widget.EditText (13)'

2022-05-19 15:37:04 - [TEST_STEP][PASSED] - setText(findTestObject("Object Repository/Data Konsumen/android.widget.EditText (14)"), "02-Jan-1990", 0): Text '02-Jan-1990' has been set to element 'Object Repository/Data Konsumen/android.widget.EditText (14)'

2022-05-19 15:37:05 - [MESSAGE][WARNING] - Timeout '0' is invalid. Using default page load timeout: '30'

2022-05-19 15:37:06 - [MESSAGE][PASSED] - Text '02-Jan-1990' has been set to element 'Object Repository/Data Konsumen/android.widget.EditText (14)'

2022-05-19 15:37:06 - [TEST_STEP][PASSED] - delay(2, STOP_ON_FAILURE): Delayed 2 second(s)

2022-05-19 15:37:08 - [MESSAGE][PASSED] - Delayed 2 second(s)

2022-05-19 15:37:08 - [TEST_STEP][PASSED] - takeScreenshotAsCheckpoint(baseDir + sspathkkbsk + "Data Konsumen 3" + ".png", STOP_ON_FAILURE): Screenshot is taken

2022-05-19 15:37:10 - [MESSAGE][INFO] - 0 hidden object(s)

2022-05-19 15:37:10 - [MESSAGE][PASSED] - Screenshot is taken
[[ATTACHMENT|C:\Users\Nia Yusniati\Git_Asa\KKBSK\Screenshoot\Marketer\keyes\keyes-Aplikasi BaruData Konsumen 3.png]]

2022-05-19 15:37:10 - [TEST_STEP][PASSED] - tap(findTestObject("Object Repository/Data Konsumen/android.widget.Button - Lanjut (1)"), 0): Tapped on element 'Object Repository/Data Konsumen/android.widget.Button - Lanjut (1)'

2022-05-19 15:37:11 - [MESSAGE][WARNING] - Timeout '0' is invalid. Using default page load timeout: '30'

2022-05-19 15:37:12 - [MESSAGE][PASSED] - Tapped on element 'Object Repository/Data Konsumen/android.widget.Button - Lanjut (1)'

2022-05-19 15:37:12 - [TEST_STEP][PASSED] - closeApplication(): Close app successfully

2022-05-19 15:37:13 - [MESSAGE][PASSED] - Close app successfully]]></system-out>
         <system-err><![CDATA[]]></system-err>
      </testcase>
      <testcase name="Test Cases/Marketer/Simulasi Kredit Baru/5. Data Kendaraan - Submit" time="98.71" classname="Test Cases/Marketer/Simulasi Kredit Baru/5. Data Kendaraan - Submit" status="PASSED">
         <system-out><![CDATA[2022-05-19 15:37:13 - [TEST_CASE][PASSED] - Test Cases/Marketer/Simulasi Kredit Baru/5. Data Kendaraan - Submit: Test Cases/Marketer/Simulasi Kredit Baru/5. Data Kendaraan - Submit

2022-05-19 15:37:13 - [TEST_STEP][PASSED] - baseDir = System.getProperty("user.dir"): null

2022-05-19 15:37:13 - [TEST_STEP][PASSED] - startExistingApplication("bcaf.crm.kkb.saleskit"): Starting app with application ID: 'bcaf.crm.kkb.saleskit'

2022-05-19 15:37:17 - [MESSAGE][INFO] - Appium server started on port 56,160

2022-05-19 15:37:30 - [MESSAGE][PASSED] - Starting app with application ID: 'bcaf.crm.kkb.saleskit'

2022-05-19 15:37:30 - [TEST_STEP][PASSED] - delay(2, STOP_ON_FAILURE): Delayed 2 second(s)

2022-05-19 15:37:32 - [MESSAGE][PASSED] - Delayed 2 second(s)

2022-05-19 15:37:32 - [TEST_STEP][PASSED] - takeScreenshotAsCheckpoint(baseDir + sspathkkbsk + "Data Kendaraan 1" + ".png", STOP_ON_FAILURE): Screenshot is taken

2022-05-19 15:37:34 - [MESSAGE][INFO] - 0 hidden object(s)

2022-05-19 15:37:34 - [MESSAGE][PASSED] - Screenshot is taken
[[ATTACHMENT|C:\Users\Nia Yusniati\Git_Asa\KKBSK\Screenshoot\Marketer\keyes\keyes-Aplikasi BaruData Kendaraan 1.png]]

2022-05-19 15:37:34 - [TEST_STEP][PASSED] - setText(findTestObject("Object Repository/Data Kendaraan - Submit/android.widget.EditText"), "HONDA", 0): Text 'HONDA' has been set to element 'Object Repository/Data Kendaraan - Submit/android.widget.EditText'

2022-05-19 15:37:34 - [MESSAGE][WARNING] - Timeout '0' is invalid. Using default page load timeout: '30'

2022-05-19 15:37:36 - [MESSAGE][PASSED] - Text 'HONDA' has been set to element 'Object Repository/Data Kendaraan - Submit/android.widget.EditText'

2022-05-19 15:37:36 - [TEST_STEP][PASSED] - setText(findTestObject("Object Repository/Data Kendaraan - Submit/android.widget.EditText (1)"), "ALL NEW CIVIC", 0): Text 'ALL NEW CIVIC' has been set to element 'Object Repository/Data Kendaraan - Submit/android.widget.EditText (1)'

2022-05-19 15:37:36 - [MESSAGE][WARNING] - Timeout '0' is invalid. Using default page load timeout: '30'

2022-05-19 15:37:37 - [MESSAGE][PASSED] - Text 'ALL NEW CIVIC' has been set to element 'Object Repository/Data Kendaraan - Submit/android.widget.EditText (1)'

2022-05-19 15:37:37 - [TEST_STEP][PASSED] - setText(findTestObject("Object Repository/Data Kendaraan - Submit/android.widget.EditText (2)"), "R - KARBON", 0): Text 'R - KARBON' has been set to element 'Object Repository/Data Kendaraan - Submit/android.widget.EditText (2)'

2022-05-19 15:37:37 - [MESSAGE][WARNING] - Timeout '0' is invalid. Using default page load timeout: '30'

2022-05-19 15:37:39 - [MESSAGE][PASSED] - Text 'R - KARBON' has been set to element 'Object Repository/Data Kendaraan - Submit/android.widget.EditText (2)'

2022-05-19 15:37:39 - [TEST_STEP][PASSED] - delay(2, STOP_ON_FAILURE): Delayed 2 second(s)

2022-05-19 15:37:41 - [MESSAGE][PASSED] - Delayed 2 second(s)

2022-05-19 15:37:41 - [TEST_STEP][PASSED] - takeScreenshotAsCheckpoint(baseDir + sspathkkbsk + "Data Kendaraan 2" + ".png", STOP_ON_FAILURE): Screenshot is taken

2022-05-19 15:37:43 - [MESSAGE][INFO] - 0 hidden object(s)

2022-05-19 15:37:43 - [MESSAGE][PASSED] - Screenshot is taken
[[ATTACHMENT|C:\Users\Nia Yusniati\Git_Asa\KKBSK\Screenshoot\Marketer\keyes\keyes-Aplikasi BaruData Kendaraan 2.png]]

2022-05-19 15:37:43 - [TEST_STEP][PASSED] - tap(findTestObject("Object Repository/Data Kendaraan - Submit/android.widget.Button - Submit"), 0): Tapped on element 'Object Repository/Data Kendaraan - Submit/android.widget.Button - Submit'

2022-05-19 15:37:43 - [MESSAGE][WARNING] - Timeout '0' is invalid. Using default page load timeout: '30'

2022-05-19 15:37:44 - [MESSAGE][PASSED] - Tapped on element 'Object Repository/Data Kendaraan - Submit/android.widget.Button - Submit'

2022-05-19 15:37:44 - [TEST_STEP][PASSED] - delay(2, STOP_ON_FAILURE): Delayed 2 second(s)

2022-05-19 15:37:46 - [MESSAGE][PASSED] - Delayed 2 second(s)

2022-05-19 15:37:46 - [TEST_STEP][PASSED] - takeScreenshotAsCheckpoint(baseDir + sspathkkbsk + "Data Kendaraan 3" + ".png", STOP_ON_FAILURE): Screenshot is taken

2022-05-19 15:37:47 - [MESSAGE][INFO] - 0 hidden object(s)

2022-05-19 15:37:48 - [MESSAGE][PASSED] - Screenshot is taken
[[ATTACHMENT|C:\Users\Nia Yusniati\Git_Asa\KKBSK\Screenshoot\Marketer\keyes\keyes-Aplikasi BaruData Kendaraan 3.png]]

2022-05-19 15:37:48 - [TEST_STEP][PASSED] - tap(findTestObject("Object Repository/Data Kendaraan - Submit/android.widget.Button - SUBMIT (1)"), 0): Tapped on element 'Object Repository/Data Kendaraan - Submit/android.widget.Button - SUBMIT (1)'

2022-05-19 15:37:48 - [MESSAGE][WARNING] - Timeout '0' is invalid. Using default page load timeout: '30'

2022-05-19 15:37:48 - [MESSAGE][PASSED] - Tapped on element 'Object Repository/Data Kendaraan - Submit/android.widget.Button - SUBMIT (1)'

2022-05-19 15:37:48 - [TEST_STEP][PASSED] - delay(60, STOP_ON_FAILURE): Delayed 60 second(s)

2022-05-19 15:38:48 - [MESSAGE][PASSED] - Delayed 60 second(s)

2022-05-19 15:38:48 - [TEST_STEP][PASSED] - takeScreenshotAsCheckpoint(baseDir + sspathkkbsk + "Data Kendaraan 4" + ".png", STOP_ON_FAILURE): Screenshot is taken

2022-05-19 15:38:50 - [MESSAGE][INFO] - 0 hidden object(s)

2022-05-19 15:38:51 - [MESSAGE][PASSED] - Screenshot is taken
[[ATTACHMENT|C:\Users\Nia Yusniati\Git_Asa\KKBSK\Screenshoot\Marketer\keyes\keyes-Aplikasi BaruData Kendaraan 4.png]]

2022-05-19 15:38:51 - [TEST_STEP][PASSED] - closeApplication(): Close app successfully

2022-05-19 15:38:51 - [MESSAGE][PASSED] - Close app successfully]]></system-out>
         <system-err><![CDATA[]]></system-err>
      </testcase>
      <system-out><![CDATA[2022-05-19 15:30:53 - [TEST_SUITE][PASSED] - Aplikasi Baru: Test Cases/Marketer/Simulasi Kredit Baru/5. Data Kendaraan - Submit]]></system-out>
      <system-err><![CDATA[]]></system-err>
   </testsuite>
</testsuites>
