<?xml version="1.0" encoding="UTF-8"?>
<testsuites name="Login - tracking BM" time="144.464" tests="2" failures="0" errors="0">
   <testsuite name="Login - tracking BM" tests="2" failures="0" errors="0" time="144.464" skipped="0" timestamp="2022-05-19 10:19:47" hostname="Nia Yusniati - Apandi" id="Test Suites/BM/Login - tracking BM">
      <properties>
[...]
</properties>
      <testcase name="Test Cases/BM/Login - BM" time="69.141" classname="Test Cases/BM/Login - BM" status="PASSED">
         <system-out><![CDATA[2022-05-19 10:19:48 - [TEST_CASE][PASSED] - Test Cases/BM/Login - BM: Test Cases/BM/Login - BM

2022-05-19 10:19:49 - [TEST_STEP][PASSED] - baseDir = System.getProperty("user.dir"): null

2022-05-19 10:19:49 - [TEST_STEP][PASSED] - startExistingApplication("bcaf.crm.kkb.saleskit"): Starting app with application ID: 'bcaf.crm.kkb.saleskit'

2022-05-19 10:19:55 - [MESSAGE][INFO] - Appium server started on port 63,188

2022-05-19 10:20:15 - [MESSAGE][PASSED] - Starting app with application ID: 'bcaf.crm.kkb.saleskit'

2022-05-19 10:20:15 - [TEST_STEP][PASSED] - setText(findTestObject("Object Repository/Login/android.widget.EditText - Username"), "BMKKB1", 0): Text 'BMKKB1' has been set to element 'Object Repository/Login/android.widget.EditText - Username'

2022-05-19 10:20:15 - [MESSAGE][WARNING] - Timeout '0' is invalid. Using default page load timeout: '30'

2022-05-19 10:20:18 - [MESSAGE][PASSED] - Text 'BMKKB1' has been set to element 'Object Repository/Login/android.widget.EditText - Username'

2022-05-19 10:20:18 - [TEST_STEP][PASSED] - setText(findTestObject("Object Repository/Login/android.widget.EditText - Password"), "Mobile123+", 0): Text 'Mobile123+' has been set to element 'Object Repository/Login/android.widget.EditText - Password'

2022-05-19 10:20:18 - [MESSAGE][WARNING] - Timeout '0' is invalid. Using default page load timeout: '30'

2022-05-19 10:20:20 - [MESSAGE][PASSED] - Text 'Mobile123+' has been set to element 'Object Repository/Login/android.widget.EditText - Password'

2022-05-19 10:20:20 - [TEST_STEP][PASSED] - tap(findTestObject("Object Repository/Login/android.widget.ImageButton"), 0): Tapped on element 'Object Repository/Login/android.widget.ImageButton'

2022-05-19 10:20:20 - [MESSAGE][WARNING] - Timeout '0' is invalid. Using default page load timeout: '30'

2022-05-19 10:20:21 - [MESSAGE][PASSED] - Tapped on element 'Object Repository/Login/android.widget.ImageButton'

2022-05-19 10:20:21 - [TEST_STEP][PASSED] - delay(2, STOP_ON_FAILURE): Delayed 2 second(s)

2022-05-19 10:20:23 - [MESSAGE][PASSED] - Delayed 2 second(s)

2022-05-19 10:20:23 - [TEST_STEP][PASSED] - takeScreenshotAsCheckpoint(baseDir + sspathkkbsk + "Login-1" + ".png", STOP_ON_FAILURE): Screenshot is taken

2022-05-19 10:20:25 - [MESSAGE][INFO] - 0 hidden object(s)

2022-05-19 10:20:26 - [MESSAGE][PASSED] - Screenshot is taken
[[ATTACHMENT|C:\Users\Nia Yusniati\Git_Asa\KKBSK\Screenshoot\Marketer\keyes\keyes-Aplikasi BaruLogin-1.png]]

2022-05-19 10:20:26 - [TEST_STEP][PASSED] - tap(findTestObject("Object Repository/Login/android.widget.ImageView"), 0): Tapped on element 'Object Repository/Login/android.widget.ImageView'

2022-05-19 10:20:26 - [MESSAGE][WARNING] - Timeout '0' is invalid. Using default page load timeout: '30'

2022-05-19 10:20:27 - [MESSAGE][PASSED] - Tapped on element 'Object Repository/Login/android.widget.ImageView'

2022-05-19 10:20:27 - [TEST_STEP][PASSED] - delay(8, STOP_ON_FAILURE): Delayed 8 second(s)

2022-05-19 10:20:35 - [MESSAGE][PASSED] - Delayed 8 second(s)

2022-05-19 10:20:35 - [TEST_STEP][PASSED] - takeScreenshotAsCheckpoint(baseDir + sspathkkbsk + "Login-2" + ".png", STOP_ON_FAILURE): Screenshot is taken

2022-05-19 10:20:37 - [MESSAGE][INFO] - 0 hidden object(s)

2022-05-19 10:20:38 - [MESSAGE][PASSED] - Screenshot is taken
[[ATTACHMENT|C:\Users\Nia Yusniati\Git_Asa\KKBSK\Screenshoot\Marketer\keyes\keyes-Aplikasi BaruLogin-2.png]]

2022-05-19 10:20:38 - [TEST_STEP][PASSED] - tap(findTestObject("Object Repository/Login/android.widget.FrameLayout"), 0): Tapped on element 'Object Repository/Login/android.widget.FrameLayout'

2022-05-19 10:20:38 - [MESSAGE][WARNING] - Timeout '0' is invalid. Using default page load timeout: '30'

2022-05-19 10:20:39 - [MESSAGE][PASSED] - Tapped on element 'Object Repository/Login/android.widget.FrameLayout'

2022-05-19 10:20:39 - [TEST_STEP][PASSED] - delay(5, STOP_ON_FAILURE): Delayed 5 second(s)

2022-05-19 10:20:44 - [MESSAGE][PASSED] - Delayed 5 second(s)

2022-05-19 10:20:44 - [TEST_STEP][PASSED] - takeScreenshotAsCheckpoint(baseDir + sspathkkbsk + "Login-3" + ".png", STOP_ON_FAILURE): Screenshot is taken

2022-05-19 10:20:46 - [MESSAGE][INFO] - 0 hidden object(s)

2022-05-19 10:20:46 - [MESSAGE][PASSED] - Screenshot is taken
[[ATTACHMENT|C:\Users\Nia Yusniati\Git_Asa\KKBSK\Screenshoot\Marketer\keyes\keyes-Aplikasi BaruLogin-3.png]]

2022-05-19 10:20:46 - [TEST_STEP][PASSED] - tap(findTestObject("Object Repository/Login/android.widget.FrameLayout (1)"), 0): Tapped on element 'Object Repository/Login/android.widget.FrameLayout (1)'

2022-05-19 10:20:46 - [MESSAGE][WARNING] - Timeout '0' is invalid. Using default page load timeout: '30'

2022-05-19 10:20:49 - [MESSAGE][PASSED] - Tapped on element 'Object Repository/Login/android.widget.FrameLayout (1)'

2022-05-19 10:20:49 - [TEST_STEP][PASSED] - delay(5, STOP_ON_FAILURE): Delayed 5 second(s)

2022-05-19 10:20:54 - [MESSAGE][PASSED] - Delayed 5 second(s)

2022-05-19 10:20:54 - [TEST_STEP][PASSED] - takeScreenshotAsCheckpoint(baseDir + sspathkkbsk + "Login-4" + ".png", STOP_ON_FAILURE): Screenshot is taken

2022-05-19 10:20:56 - [MESSAGE][INFO] - 0 hidden object(s)

2022-05-19 10:20:56 - [MESSAGE][PASSED] - Screenshot is taken
[[ATTACHMENT|C:\Users\Nia Yusniati\Git_Asa\KKBSK\Screenshoot\Marketer\keyes\keyes-Aplikasi BaruLogin-4.png]]

2022-05-19 10:20:56 - [TEST_STEP][PASSED] - closeApplication(): Close app successfully

2022-05-19 10:20:57 - [MESSAGE][PASSED] - Close app successfully]]></system-out>
         <system-err><![CDATA[]]></system-err>
      </testcase>
      <testcase name="Test Cases/BM/Tracking" time="73.69" classname="Test Cases/BM/Tracking" status="PASSED">
         <system-out><![CDATA[2022-05-19 10:20:57 - [TEST_CASE][PASSED] - Test Cases/BM/Tracking: Test Cases/BM/Tracking

2022-05-19 10:20:58 - [TEST_STEP][PASSED] - baseDir = System.getProperty("user.dir"): null

2022-05-19 10:20:58 - [TEST_STEP][PASSED] - startExistingApplication("bcaf.crm.kkb.saleskit"): Starting app with application ID: 'bcaf.crm.kkb.saleskit'

2022-05-19 10:21:00 - [MESSAGE][INFO] - Appium server started on port 63,326

2022-05-19 10:21:14 - [MESSAGE][PASSED] - Starting app with application ID: 'bcaf.crm.kkb.saleskit'

2022-05-19 10:21:14 - [TEST_STEP][PASSED] - swipe(300, 500, 0, 500): Swiped from 300,500 to 0,500

2022-05-19 10:21:15 - [MESSAGE][PASSED] - Swiped from 300,500 to 0,500

2022-05-19 10:21:15 - [TEST_STEP][PASSED] - delay(2, STOP_ON_FAILURE): Delayed 2 second(s)

2022-05-19 10:21:17 - [MESSAGE][PASSED] - Delayed 2 second(s)

2022-05-19 10:21:17 - [TEST_STEP][PASSED] - takeScreenshotAsCheckpoint(baseDir + sspathkkbsk + "Tracking-1" + ".png", STOP_ON_FAILURE): Screenshot is taken

2022-05-19 10:21:19 - [MESSAGE][INFO] - 0 hidden object(s)

2022-05-19 10:21:19 - [MESSAGE][PASSED] - Screenshot is taken
[[ATTACHMENT|C:\Users\Nia Yusniati\Git_Asa\KKBSK\Screenshoot\Marketer\keyes\keyes-Aplikasi BaruTracking-1.png]]

2022-05-19 10:21:19 - [TEST_STEP][PASSED] - tap(findTestObject("Object Repository/Tracking/android.widget.ImageView"), 0): Tapped on element 'Object Repository/Tracking/android.widget.ImageView'

2022-05-19 10:21:19 - [MESSAGE][WARNING] - Timeout '0' is invalid. Using default page load timeout: '30'

2022-05-19 10:21:21 - [MESSAGE][PASSED] - Tapped on element 'Object Repository/Tracking/android.widget.ImageView'

2022-05-19 10:21:21 - [TEST_STEP][PASSED] - delay(2, STOP_ON_FAILURE): Delayed 2 second(s)

2022-05-19 10:21:23 - [MESSAGE][PASSED] - Delayed 2 second(s)

2022-05-19 10:21:23 - [TEST_STEP][PASSED] - takeScreenshotAsCheckpoint(baseDir + sspathkkbsk + "Tracking-2" + ".png", STOP_ON_FAILURE): Screenshot is taken

2022-05-19 10:21:25 - [MESSAGE][INFO] - 0 hidden object(s)

2022-05-19 10:21:25 - [MESSAGE][PASSED] - Screenshot is taken
[[ATTACHMENT|C:\Users\Nia Yusniati\Git_Asa\KKBSK\Screenshoot\Marketer\keyes\keyes-Aplikasi BaruTracking-2.png]]

2022-05-19 10:21:25 - [TEST_STEP][PASSED] - tap(findTestObject("Object Repository/Tracking/android.widget.TextView - Input Pencarian"), 0): Tapped on element 'Object Repository/Tracking/android.widget.TextView - Input Pencarian'

2022-05-19 10:21:25 - [MESSAGE][WARNING] - Timeout '0' is invalid. Using default page load timeout: '30'

2022-05-19 10:21:26 - [MESSAGE][PASSED] - Tapped on element 'Object Repository/Tracking/android.widget.TextView - Input Pencarian'

2022-05-19 10:21:26 - [TEST_STEP][PASSED] - setText(findTestObject("Tracking/android.widget.EditText"), "(KCU) SOLO SLAMET RIYADI", 0): Text '(KCU) SOLO SLAMET RIYADI' has been set to element 'Object Repository/Tracking/android.widget.EditText'

2022-05-19 10:21:26 - [MESSAGE][WARNING] - Timeout '0' is invalid. Using default page load timeout: '30'

2022-05-19 10:21:28 - [MESSAGE][PASSED] - Text '(KCU) SOLO SLAMET RIYADI' has been set to element 'Object Repository/Tracking/android.widget.EditText'

2022-05-19 10:21:28 - [TEST_STEP][PASSED] - setText(findTestObject("Object Repository/Tracking/android.widget.EditText (3)"), "Test Tracking", 0): Text 'Test Tracking' has been set to element 'Object Repository/Tracking/android.widget.EditText (3)'

2022-05-19 10:21:28 - [MESSAGE][WARNING] - Timeout '0' is invalid. Using default page load timeout: '30'

2022-05-19 10:21:30 - [MESSAGE][PASSED] - Text 'Test Tracking' has been set to element 'Object Repository/Tracking/android.widget.EditText (3)'

2022-05-19 10:21:30 - [TEST_STEP][PASSED] - delay(2, STOP_ON_FAILURE): Delayed 2 second(s)

2022-05-19 10:21:32 - [MESSAGE][PASSED] - Delayed 2 second(s)

2022-05-19 10:21:32 - [TEST_STEP][PASSED] - takeScreenshotAsCheckpoint(baseDir + sspathkkbsk + "Tracking-3" + ".png", STOP_ON_FAILURE): Screenshot is taken

2022-05-19 10:21:33 - [MESSAGE][INFO] - 0 hidden object(s)

2022-05-19 10:21:34 - [MESSAGE][PASSED] - Screenshot is taken
[[ATTACHMENT|C:\Users\Nia Yusniati\Git_Asa\KKBSK\Screenshoot\Marketer\keyes\keyes-Aplikasi BaruTracking-3.png]]

2022-05-19 10:21:34 - [TEST_STEP][PASSED] - tap(findTestObject("Object Repository/Tracking/android.widget.Button - Cari (1)"), 0): Tapped on element 'Object Repository/Tracking/android.widget.Button - Cari (1)'

2022-05-19 10:21:34 - [MESSAGE][WARNING] - Timeout '0' is invalid. Using default page load timeout: '30'

2022-05-19 10:21:34 - [MESSAGE][PASSED] - Tapped on element 'Object Repository/Tracking/android.widget.Button - Cari (1)'

2022-05-19 10:21:34 - [TEST_STEP][PASSED] - delay(20, STOP_ON_FAILURE): Delayed 20 second(s)

2022-05-19 10:21:54 - [MESSAGE][PASSED] - Delayed 20 second(s)

2022-05-19 10:21:54 - [TEST_STEP][PASSED] - swipe(0, 1000, 0, 500): Swiped from 0,1,000 to 0,500

2022-05-19 10:21:56 - [MESSAGE][PASSED] - Swiped from 0,1,000 to 0,500

2022-05-19 10:21:56 - [TEST_STEP][PASSED] - delay(2, STOP_ON_FAILURE): Delayed 2 second(s)

2022-05-19 10:21:58 - [MESSAGE][PASSED] - Delayed 2 second(s)

2022-05-19 10:21:58 - [TEST_STEP][PASSED] - takeScreenshotAsCheckpoint(baseDir + sspathkkbsk + "Tracking-4" + ".png", STOP_ON_FAILURE): Screenshot is taken

2022-05-19 10:22:00 - [MESSAGE][INFO] - 0 hidden object(s)

2022-05-19 10:22:00 - [MESSAGE][PASSED] - Screenshot is taken
[[ATTACHMENT|C:\Users\Nia Yusniati\Git_Asa\KKBSK\Screenshoot\Marketer\keyes\keyes-Aplikasi BaruTracking-4.png]]

2022-05-19 10:22:00 - [TEST_STEP][PASSED] - tap(findTestObject("Object Repository/Tracking/android.widget.TextView - SOLO SLAMET RIYADI"), 0): Tapped on element 'Object Repository/Tracking/android.widget.TextView - SOLO SLAMET RIYADI'

2022-05-19 10:22:00 - [MESSAGE][WARNING] - Timeout '0' is invalid. Using default page load timeout: '30'

2022-05-19 10:22:01 - [MESSAGE][PASSED] - Tapped on element 'Object Repository/Tracking/android.widget.TextView - SOLO SLAMET RIYADI'

2022-05-19 10:22:01 - [TEST_STEP][PASSED] - delay(7, STOP_ON_FAILURE): Delayed 7 second(s)

2022-05-19 10:22:08 - [MESSAGE][PASSED] - Delayed 7 second(s)

2022-05-19 10:22:08 - [TEST_STEP][PASSED] - takeScreenshotAsCheckpoint(baseDir + sspathkkbsk + "Tracking-5" + ".png", STOP_ON_FAILURE): Screenshot is taken

2022-05-19 10:22:10 - [MESSAGE][INFO] - 0 hidden object(s)

2022-05-19 10:22:10 - [MESSAGE][PASSED] - Screenshot is taken
[[ATTACHMENT|C:\Users\Nia Yusniati\Git_Asa\KKBSK\Screenshoot\Marketer\keyes\keyes-Aplikasi BaruTracking-5.png]]

2022-05-19 10:22:10 - [TEST_STEP][PASSED] - closeApplication(): Close app successfully

2022-05-19 10:22:11 - [MESSAGE][PASSED] - Close app successfully]]></system-out>
         <system-err><![CDATA[]]></system-err>
      </testcase>
      <system-out><![CDATA[2022-05-19 10:19:47 - [TEST_SUITE][PASSED] - Login - tracking BM: Test Cases/BM/Tracking]]></system-out>
      <system-err><![CDATA[]]></system-err>
   </testsuite>
</testsuites>
